2022-08-15 10:21:29,098 [INFO] Activator:178 - 


2022-08-15 10:21:29,105 [INFO] Activator:179 - !SESSION log4j initialized
2022-08-15 10:21:36,955 [INFO] ApplicationProperties:181 - Using Application install path: C:\ST\STM32CubeIDE_1.4.0\STM32CubeIDE\plugins\com.st.stm32cube.common.mx_6.0.0.202007160824
2022-08-15 10:21:36,980 [INFO] DbMcusXml:70 - Set database path to: C:\ST\STM32CubeIDE_1.4.0\STM32CubeIDE\plugins\com.st.stm32cube.common.mx_6.0.0.202007160824\\db\/mcu/
2022-08-15 10:21:36,990 [INFO] DbBoardsPdsc:56 - Set plugin database path to: C:\ST\STM32CubeIDE_1.4.0\STM32CubeIDE\plugins\com.st.stm32cube.common.mx_6.0.0.202007160824\\db\/plugins/boardmanager/
2022-08-15 10:21:36,990 [INFO] DbMcus:258 - Set plugin images path to: C:\ST\STM32CubeIDE_1.4.0\STM32CubeIDE\plugins\com.st.stm32cube.common.mx_6.0.0.202007160824\\db\/plugins/mcufinder/images/
2022-08-15 10:21:36,990 [INFO] DbBoards:264 - Set plugin images path to: C:\ST\STM32CubeIDE_1.4.0\STM32CubeIDE\plugins\com.st.stm32cube.common.mx_6.0.0.202007160824\\db\/plugins/mcufinder/images/
2022-08-15 10:21:37,000 [INFO] DbExamples:326 - Set plugin images path to: C:\ST\STM32CubeIDE_1.4.0\STM32CubeIDE\plugins\com.st.stm32cube.common.mx_6.0.0.202007160824\\db\/plugins/mcufinder/images/
2022-08-15 10:21:37,015 [INFO] DbMcusDocs:112 - Set database path to: C:\Users\Mohamed\.stmcufinder\plugins\mcufinder//mcu/
2022-08-15 10:21:37,020 [INFO] DbMcusJson:63 - Set database path to: C:\Users\Mohamed\.stmcufinder\plugins\mcufinder//mcu/
2022-08-15 10:21:37,020 [INFO] DbBoardsDocs:112 - Set database path to: C:\Users\Mohamed\.stmcufinder\plugins\mcufinder//mcu/
2022-08-15 10:21:37,025 [INFO] DbBoardsJson:56 - Set database path to: C:\Users\Mohamed\.stmcufinder\plugins\mcufinder//mcu/
2022-08-15 10:21:37,030 [INFO] CrossReferenceDbSqlite:196 - Set database path to: C:\Users\Mohamed\.stmcufinder\plugins\mcufinder//mcu/cs/
2022-08-15 10:21:37,040 [INFO] DbExamplesSqlite:800 - Set database path to: C:\Users\Mohamed\.stmcufinder\plugins\mcufinder//mcu/
2022-08-15 10:21:37,291 [INFO] RulesReader:52 - Compatibility file has been processed (209 Rules)
2022-08-15 10:21:37,506 [INFO] MicroXplorer:564 - Detected Java Version = 1.8.0_252
2022-08-15 10:21:37,506 [INFO] DbMcusXml:70 - Set database path to: C:\ST\STM32CubeIDE_1.4.0\STM32CubeIDE\plugins\com.st.stm32cube.common.mx_6.0.0.202007160824\\db\/mcu/
2022-08-15 10:21:37,506 [INFO] DbBoardsPdsc:56 - Set plugin database path to: C:\ST\STM32CubeIDE_1.4.0\STM32CubeIDE\plugins\com.st.stm32cube.common.mx_6.0.0.202007160824\\db\/plugins/boardmanager/
2022-08-15 10:21:37,511 [INFO] DbMcus:258 - Set plugin images path to: C:\ST\STM32CubeIDE_1.4.0\STM32CubeIDE\plugins\com.st.stm32cube.common.mx_6.0.0.202007160824\\db\/plugins/mcufinder/images/
2022-08-15 10:21:37,511 [INFO] DbBoards:264 - Set plugin images path to: C:\ST\STM32CubeIDE_1.4.0\STM32CubeIDE\plugins\com.st.stm32cube.common.mx_6.0.0.202007160824\\db\/plugins/mcufinder/images/
2022-08-15 10:21:37,511 [INFO] DbExamples:326 - Set plugin images path to: C:\ST\STM32CubeIDE_1.4.0\STM32CubeIDE\plugins\com.st.stm32cube.common.mx_6.0.0.202007160824\\db\/plugins/mcufinder/images/
2022-08-15 10:21:37,511 [WARN] DbFile:36 - Overriding database path with different value: C:\Users\Mohamed\.stmcufinder\plugins\mcufinder/ => C:\Users\Mohamed\.stmcufinder\plugins\mcufinder
2022-08-15 10:21:37,511 [INFO] DbMcusDocs:112 - Set database path to: C:\Users\Mohamed\.stmcufinder\plugins\mcufinder//mcu/
2022-08-15 10:21:37,511 [WARN] DbFile:36 - Overriding database path with different value: C:\Users\Mohamed\.stmcufinder\plugins\mcufinder/ => C:\Users\Mohamed\.stmcufinder\plugins\mcufinder
2022-08-15 10:21:37,511 [INFO] DbMcusJson:63 - Set database path to: C:\Users\Mohamed\.stmcufinder\plugins\mcufinder//mcu/
2022-08-15 10:21:37,516 [WARN] DbFile:36 - Overriding database path with different value: C:\Users\Mohamed\.stmcufinder\plugins\mcufinder/ => C:\Users\Mohamed\.stmcufinder\plugins\mcufinder
2022-08-15 10:21:37,516 [INFO] DbBoardsDocs:112 - Set database path to: C:\Users\Mohamed\.stmcufinder\plugins\mcufinder//mcu/
2022-08-15 10:21:37,516 [WARN] DbFile:36 - Overriding database path with different value: C:\Users\Mohamed\.stmcufinder\plugins\mcufinder/ => C:\Users\Mohamed\.stmcufinder\plugins\mcufinder
2022-08-15 10:21:37,516 [INFO] DbBoardsJson:56 - Set database path to: C:\Users\Mohamed\.stmcufinder\plugins\mcufinder//mcu/
2022-08-15 10:21:37,516 [WARN] DbFile:36 - Overriding database path with different value: C:\Users\Mohamed\.stmcufinder\plugins\mcufinder/ => C:\Users\Mohamed\.stmcufinder\plugins\mcufinder
2022-08-15 10:21:37,516 [WARN] DbFile:36 - Overriding database path with different value: C:\Users\Mohamed\.stmcufinder\plugins\mcufinder/ => C:\Users\Mohamed\.stmcufinder\plugins\mcufinder
2022-08-15 10:21:37,516 [INFO] CrossReferenceDbSqlite:196 - Set database path to: C:\Users\Mohamed\.stmcufinder\plugins\mcufinder//mcu/cs/
2022-08-15 10:21:37,516 [WARN] DbFile:36 - Overriding database path with different value: C:\Users\Mohamed\.stmcufinder\plugins\mcufinder/ => C:\Users\Mohamed\.stmcufinder\plugins\mcufinder
2022-08-15 10:21:37,516 [INFO] DbExamplesSqlite:800 - Set database path to: C:\Users\Mohamed\.stmcufinder\plugins\mcufinder//mcu/
2022-08-15 10:21:37,707 [INFO] MainPanel:189 - HeapMemory: 268435456
2022-08-15 10:21:37,887 [INFO] DbMcusXml:70 - Set database path to: C:\ST\STM32CubeIDE_1.4.0\STM32CubeIDE\plugins\com.st.stm32cube.common.mx_6.0.0.202007160824\\db\/mcu/
2022-08-15 10:21:37,892 [INFO] DbBoardsPdsc:56 - Set plugin database path to: C:\ST\STM32CubeIDE_1.4.0\STM32CubeIDE\plugins\com.st.stm32cube.common.mx_6.0.0.202007160824\\db\/plugins/boardmanager/
2022-08-15 10:21:37,892 [INFO] DbMcus:258 - Set plugin images path to: C:\ST\STM32CubeIDE_1.4.0\STM32CubeIDE\plugins\com.st.stm32cube.common.mx_6.0.0.202007160824\\db\/plugins/mcufinder/images/
2022-08-15 10:21:37,892 [INFO] DbBoards:264 - Set plugin images path to: C:\ST\STM32CubeIDE_1.4.0\STM32CubeIDE\plugins\com.st.stm32cube.common.mx_6.0.0.202007160824\\db\/plugins/mcufinder/images/
2022-08-15 10:21:37,892 [INFO] DbExamples:326 - Set plugin images path to: C:\ST\STM32CubeIDE_1.4.0\STM32CubeIDE\plugins\com.st.stm32cube.common.mx_6.0.0.202007160824\\db\/plugins/mcufinder/images/
2022-08-15 10:21:37,892 [WARN] DbFile:36 - Overriding database path with different value: C:\Users\Mohamed\.stmcufinder\plugins\mcufinder/ => C:\Users\Mohamed\.stmcufinder\plugins\mcufinder
2022-08-15 10:21:37,892 [INFO] DbMcusDocs:112 - Set database path to: C:\Users\Mohamed\.stmcufinder\plugins\mcufinder//mcu/
2022-08-15 10:21:37,892 [WARN] DbFile:36 - Overriding database path with different value: C:\Users\Mohamed\.stmcufinder\plugins\mcufinder/ => C:\Users\Mohamed\.stmcufinder\plugins\mcufinder
2022-08-15 10:21:37,892 [INFO] DbMcusJson:63 - Set database path to: C:\Users\Mohamed\.stmcufinder\plugins\mcufinder//mcu/
2022-08-15 10:21:37,892 [WARN] DbFile:36 - Overriding database path with different value: C:\Users\Mohamed\.stmcufinder\plugins\mcufinder/ => C:\Users\Mohamed\.stmcufinder\plugins\mcufinder
2022-08-15 10:21:37,897 [INFO] DbBoardsDocs:112 - Set database path to: C:\Users\Mohamed\.stmcufinder\plugins\mcufinder//mcu/
2022-08-15 10:21:37,897 [WARN] DbFile:36 - Overriding database path with different value: C:\Users\Mohamed\.stmcufinder\plugins\mcufinder/ => C:\Users\Mohamed\.stmcufinder\plugins\mcufinder
2022-08-15 10:21:37,897 [INFO] DbBoardsJson:56 - Set database path to: C:\Users\Mohamed\.stmcufinder\plugins\mcufinder//mcu/
2022-08-15 10:21:37,897 [WARN] DbFile:36 - Overriding database path with different value: C:\Users\Mohamed\.stmcufinder\plugins\mcufinder/ => C:\Users\Mohamed\.stmcufinder\plugins\mcufinder
2022-08-15 10:21:37,897 [WARN] DbFile:36 - Overriding database path with different value: C:\Users\Mohamed\.stmcufinder\plugins\mcufinder/ => C:\Users\Mohamed\.stmcufinder\plugins\mcufinder
2022-08-15 10:21:37,897 [INFO] CrossReferenceDbSqlite:196 - Set database path to: C:\Users\Mohamed\.stmcufinder\plugins\mcufinder//mcu/cs/
2022-08-15 10:21:37,900 [WARN] DbFile:36 - Overriding database path with different value: C:\Users\Mohamed\.stmcufinder\plugins\mcufinder/ => C:\Users\Mohamed\.stmcufinder\plugins\mcufinder
2022-08-15 10:21:37,900 [INFO] DbExamplesSqlite:800 - Set database path to: C:\Users\Mohamed\.stmcufinder\plugins\mcufinder//mcu/
2022-08-15 10:21:37,968 [INFO] ApplicationProperties:181 - Using Application install path: C:\ST\STM32CubeIDE_1.4.0\STM32CubeIDE\plugins\com.st.stm32cube.common.mx_6.0.0.202007160824
2022-08-15 10:21:37,973 [INFO] PluginManage:178 - Search for loadable plugins [exclusion list=, ]
2022-08-15 10:21:37,978 [INFO] PluginManage:292 - Check plugin analytics
2022-08-15 10:21:38,364 [INFO] AnalyticsPlugin:203 - Accepted Software Licenses: 
2022-08-15 10:21:38,364 [INFO] AnalyticsPlugin:205 - Accepted CMSIS Pack Licenses: 
2022-08-15 10:21:38,364 [INFO] AnalyticsPlugin:207 - Accepted Firmware Licenses: 
2022-08-15 10:21:38,369 [INFO] PluginManage:342 - Loaded plugin analytics (category:tool,tabindex:-1)
2022-08-15 10:21:38,369 [INFO] PluginManage:292 - Check plugin clock
2022-08-15 10:21:38,394 [INFO] PluginManage:342 - Loaded plugin clock (category:base,tabindex:2)
2022-08-15 10:21:38,394 [INFO] PluginManage:292 - Check plugin ddr
2022-08-15 10:21:38,402 [INFO] PluginManage:342 - Loaded plugin ddr (category:tool,tabindex:6)
2022-08-15 10:21:38,402 [INFO] PluginManage:292 - Check plugin filemanager
2022-08-15 10:21:38,996 [INFO] PluginManage:342 - Loaded plugin filemanager (category:base,tabindex:10)
2022-08-15 10:21:38,996 [INFO] PluginManage:292 - Check plugin ipmanager
2022-08-15 10:21:39,021 [INFO] PluginManage:342 - Loaded plugin ipmanager (category:base,tabindex:5)
2022-08-15 10:21:39,021 [INFO] PluginManage:292 - Check plugin pinoutandconfiguration
2022-08-15 10:21:39,046 [INFO] PluginManage:342 - Loaded plugin pinoutandconfiguration (category:base,tabindex:1)
2022-08-15 10:21:39,046 [INFO] PluginManage:292 - Check plugin pinoutconfig
2022-08-15 10:21:39,101 [INFO] PluginManage:342 - Loaded plugin pinoutconfig (category:base,tabindex:0)
2022-08-15 10:21:39,101 [INFO] PluginManage:292 - Check plugin power
2022-08-15 10:21:39,121 [INFO] PluginManage:342 - Loaded plugin power (category:power,tabindex:4)
2022-08-15 10:21:39,126 [INFO] PluginManage:292 - Check plugin projectmanager
2022-08-15 10:21:39,186 [INFO] PluginManage:342 - Loaded plugin projectmanager (category:projectmanager,tabindex:3)
2022-08-15 10:21:39,186 [INFO] PluginManage:292 - Check plugin thirdparty
2022-08-15 10:21:39,447 [INFO] ThirdPartyDb:333 - Open Third Party DataBase File (C:/Users/Mohamed/.stm32cubemx/plugins/thirdparty/db/thirdparties_db.xml) : 95 ms. number of Sw pack : 44
2022-08-15 10:21:39,457 [INFO] PluginManage:342 - Loaded plugin thirdparty (category:base,tabindex:-1)
2022-08-15 10:21:39,457 [INFO] PluginManage:292 - Check plugin tools
2022-08-15 10:21:39,462 [INFO] PluginManage:342 - Loaded plugin tools (category:base,tabindex:7)
2022-08-15 10:21:39,462 [INFO] PluginManage:292 - Check plugin tutovideos
2022-08-15 10:21:39,938 [INFO] PluginManage:342 - Loaded plugin tutovideos (category:base,tabindex:-1)
2022-08-15 10:21:39,938 [INFO] PluginManage:292 - Check plugin updater
2022-08-15 10:21:39,998 [INFO] PluginManage:342 - Loaded plugin updater (category:base,tabindex:12)
2022-08-15 10:21:39,998 [INFO] PluginManage:265 - PluginManage : Loaded plugins [13]
2022-08-15 10:21:40,240 [INFO] PinOutPanel:1418 - setPackage(No Configuration,No Configuration)
2022-08-15 10:21:40,362 [INFO] IPUIPlugin:64 - create IPUIPlugin
2022-08-15 10:21:40,362 [INFO] PluginManager:200 - loadIPPluginJar : add adc
2022-08-15 10:21:40,367 [INFO] IPUIPlugin:64 - create IPUIPlugin
2022-08-15 10:21:40,367 [INFO] PluginManager:200 - loadIPPluginJar : add aes
2022-08-15 10:21:40,372 [INFO] IPUIPlugin:64 - create IPUIPlugin
2022-08-15 10:21:40,372 [INFO] PluginManager:200 - loadIPPluginJar : add can
2022-08-15 10:21:40,372 [INFO] IPUIPlugin:64 - create IPUIPlugin
2022-08-15 10:21:40,372 [INFO] PluginManager:200 - loadIPPluginJar : add comp
2022-08-15 10:21:40,377 [INFO] IPUIPlugin:64 - create IPUIPlugin
2022-08-15 10:21:40,377 [INFO] PluginManager:200 - loadIPPluginJar : add cryp
2022-08-15 10:21:40,377 [INFO] IPUIPlugin:64 - create IPUIPlugin
2022-08-15 10:21:40,377 [INFO] PluginManager:200 - loadIPPluginJar : add dfsdm
2022-08-15 10:21:40,387 [INFO] IPUIPlugin:64 - create IPUIPlugin
2022-08-15 10:21:40,387 [INFO] PluginManager:200 - loadIPPluginJar : add dma
2022-08-15 10:21:40,392 [INFO] IPUIPlugin:64 - create IPUIPlugin
2022-08-15 10:21:40,392 [INFO] PluginManager:200 - loadIPPluginJar : add fatfs
2022-08-15 10:21:40,397 [INFO] IPUIPlugin:64 - create IPUIPlugin
2022-08-15 10:21:40,397 [INFO] PluginManager:200 - loadIPPluginJar : add fmc
2022-08-15 10:21:40,412 [INFO] IPUIPlugin:64 - create IPUIPlugin
2022-08-15 10:21:40,412 [INFO] PluginManager:200 - loadIPPluginJar : add freertos
2022-08-15 10:21:40,417 [INFO] IPUIPlugin:64 - create IPUIPlugin
2022-08-15 10:21:40,417 [INFO] PluginManager:200 - loadIPPluginJar : add genericplugin
2022-08-15 10:21:40,422 [INFO] IPUIPlugin:64 - create IPUIPlugin
2022-08-15 10:21:40,422 [INFO] PluginManager:200 - loadIPPluginJar : add gfxmmu
2022-08-15 10:21:40,432 [INFO] IPUIPlugin:64 - create IPUIPlugin
2022-08-15 10:21:40,432 [INFO] PluginManager:200 - loadIPPluginJar : add gic
2022-08-15 10:21:40,437 [INFO] IPUIPlugin:64 - create IPUIPlugin
2022-08-15 10:21:40,437 [INFO] PluginManager:200 - loadIPPluginJar : add gpio
2022-08-15 10:21:40,442 [INFO] IPUIPlugin:64 - create IPUIPlugin
2022-08-15 10:21:40,442 [INFO] PluginManager:200 - loadIPPluginJar : add gtzc
2022-08-15 10:21:40,447 [INFO] IPUIPlugin:64 - create IPUIPlugin
2022-08-15 10:21:40,447 [INFO] PluginManager:200 - loadIPPluginJar : add hash
2022-08-15 10:21:40,452 [INFO] IPUIPlugin:64 - create IPUIPlugin
2022-08-15 10:21:40,452 [INFO] PluginManager:200 - loadIPPluginJar : add i2c
2022-08-15 10:21:40,457 [INFO] IPUIPlugin:64 - create IPUIPlugin
2022-08-15 10:21:40,457 [INFO] PluginManager:200 - loadIPPluginJar : add i2s
2022-08-15 10:21:40,462 [INFO] IPUIPlugin:64 - create IPUIPlugin
2022-08-15 10:21:40,467 [INFO] PluginManager:200 - loadIPPluginJar : add ipddr
2022-08-15 10:21:40,467 [INFO] IPUIPlugin:64 - create IPUIPlugin
2022-08-15 10:21:40,467 [INFO] PluginManager:200 - loadIPPluginJar : add ltdc
2022-08-15 10:21:40,472 [INFO] IPUIPlugin:64 - create IPUIPlugin
2022-08-15 10:21:40,472 [INFO] PluginManager:200 - loadIPPluginJar : add mdma
2022-08-15 10:21:40,477 [INFO] IPUIPlugin:64 - create IPUIPlugin
2022-08-15 10:21:40,477 [INFO] PluginManager:200 - loadIPPluginJar : add nvic
2022-08-15 10:21:40,482 [INFO] IPUIPlugin:64 - create IPUIPlugin
2022-08-15 10:21:40,487 [INFO] PluginManager:200 - loadIPPluginJar : add opamp
2022-08-15 10:21:40,492 [INFO] IPUIPlugin:64 - create IPUIPlugin
2022-08-15 10:21:40,492 [INFO] PluginManager:200 - loadIPPluginJar : add openamp
2022-08-15 10:21:40,497 [INFO] IPUIPlugin:64 - create IPUIPlugin
2022-08-15 10:21:40,497 [INFO] PluginManager:200 - loadIPPluginJar : add pdm2pcm
2022-08-15 10:21:40,517 [INFO] IPUIPlugin:64 - create IPUIPlugin
2022-08-15 10:21:40,527 [INFO] PluginManager:200 - loadIPPluginJar : add plateformsettings
2022-08-15 10:21:40,532 [INFO] IPUIPlugin:64 - create IPUIPlugin
2022-08-15 10:21:40,532 [INFO] PluginManager:200 - loadIPPluginJar : add quadspi
2022-08-15 10:21:40,542 [INFO] IPUIPlugin:64 - create IPUIPlugin
2022-08-15 10:21:40,542 [INFO] PluginManager:200 - loadIPPluginJar : add resmgrutility
2022-08-15 10:21:40,547 [INFO] IPUIPlugin:64 - create IPUIPlugin
2022-08-15 10:21:40,547 [INFO] PluginManager:200 - loadIPPluginJar : add sai
2022-08-15 10:21:40,552 [INFO] IPUIPlugin:64 - create IPUIPlugin
2022-08-15 10:21:40,552 [INFO] PluginManager:200 - loadIPPluginJar : add spi
2022-08-15 10:21:40,562 [INFO] IPUIPlugin:64 - create IPUIPlugin
2022-08-15 10:21:40,562 [INFO] PluginManager:200 - loadIPPluginJar : add stm32_wpan
2022-08-15 10:21:40,567 [INFO] IPUIPlugin:64 - create IPUIPlugin
2022-08-15 10:21:40,567 [INFO] PluginManager:200 - loadIPPluginJar : add tim
2022-08-15 10:21:40,572 [INFO] IPUIPlugin:64 - create IPUIPlugin
2022-08-15 10:21:40,572 [INFO] PluginManager:200 - loadIPPluginJar : add touchsensing
2022-08-15 10:21:40,577 [INFO] IPUIPlugin:64 - create IPUIPlugin
2022-08-15 10:21:40,577 [INFO] PluginManager:200 - loadIPPluginJar : add tracer_emb
2022-08-15 10:21:40,582 [INFO] IPUIPlugin:64 - create IPUIPlugin
2022-08-15 10:21:40,582 [INFO] PluginManager:200 - loadIPPluginJar : add ts
2022-08-15 10:21:40,587 [INFO] IPUIPlugin:64 - create IPUIPlugin
2022-08-15 10:21:40,587 [INFO] PluginManager:200 - loadIPPluginJar : add tsc
2022-08-15 10:21:40,592 [INFO] IPUIPlugin:64 - create IPUIPlugin
2022-08-15 10:21:40,592 [INFO] PluginManager:200 - loadIPPluginJar : add ucpd
2022-08-15 10:21:40,592 [INFO] IPUIPlugin:64 - create IPUIPlugin
2022-08-15 10:21:40,597 [INFO] PluginManager:200 - loadIPPluginJar : add usart
2022-08-15 10:21:41,757 [INFO] CubeProgrammer:457 - [DDR PANEL] - PathOfProgrammer: null
2022-08-15 10:21:43,136 [FATAL] Updater:282 - Updater called before beeing initialized
2022-08-15 10:21:43,486 [FATAL] Updater:282 - Updater called before beeing initialized
2022-08-15 10:21:43,486 [WARN] ThirdParty:775 - waiting for thirdparty lock release [close project]
2022-08-15 10:21:43,486 [INFO] ThirdParty:777 - entering critical section [close project]
2022-08-15 10:21:43,486 [INFO] ThirdParty:790 - exiting critical section [close project]
2022-08-15 10:21:43,501 [INFO] PinOutPanel:1418 - setPackage(No Configuration,No Configuration)
2022-08-15 10:21:43,506 [FATAL] Updater:282 - Updater called before beeing initialized
2022-08-15 10:21:43,513 [ERROR] Updater:967 - MainUpdater not yet initialized. External WinMGr cannot be set.
2022-08-15 10:21:43,523 [INFO] CubeProgrammer:457 - [DDR PANEL] - PathOfProgrammer: C:\ST\STM32CubeIDE_1.4.0\STM32CubeIDE\plugins\com.st.stm32cube.ide.mcu.externaltools.cubeprogrammer.win32_1.4.0.202007081208\tools\bin
2022-08-15 10:21:43,533 [INFO] ProgrammerExecThread:148 - [ProgrammerAPI] CubeProgrammer command construction: C:\ST\STM32CubeIDE_1.4.0\STM32CubeIDE\plugins\com.st.stm32cube.ide.mcu.externaltools.cubeprogrammer.win32_1.4.0.202007081208\tools\bin\STM32_Programmer_CLI.exe -l
2022-08-15 10:21:43,848 [INFO] MainDdrPanel:49 - [DDR PANEL] SETTER - Set cubeProgrammerPath to: C:\ST\STM32CubeIDE_1.4.0\STM32CubeIDE\plugins\com.st.stm32cube.ide.mcu.externaltools.cubeprogrammer.win32_1.4.0.202007081208\tools\bin
2022-08-15 10:21:43,885 [INFO] Updater:904 - Updater Version found : 6.0.0
2022-08-15 10:21:43,920 [INFO] ApplicationProperties:181 - Using Application install path: C:\ST\STM32CubeIDE_1.4.0\STM32CubeIDE\plugins\com.st.stm32cube.common.mx_6.0.0.202007160824
2022-08-15 10:21:44,329 [INFO] MainUpdater:2268 - connection check result : 10
2022-08-15 10:21:44,332 [INFO] MainUpdater:239 - Updater Check For Update Now.
2022-08-15 10:21:44,332 [INFO] MicroXplorer:414 - Change Database Version : DB.6.0.0
2022-08-15 10:21:44,457 [INFO] CheckServerUpdateThread:102 - End of CheckServer Thread
2022-08-15 10:21:44,467 [INFO] MainUpdater:2268 - connection check result : 10
2022-08-15 10:21:45,483 [WARN] IntegrityCheckThread:61 - waiting for thirdparty lock release [integrity check]
2022-08-15 10:21:45,483 [INFO] IntegrityCheckThread:63 - entering critical section [integrity check]
2022-08-15 10:21:45,483 [WARN] MainUpdater:1087 - Updater busy. Cannot search thirdparties
2022-08-15 10:21:45,488 [INFO] ServerAccessManage:348 - Download File mcusDocs.json._tmp_
2022-08-15 10:21:45,759 [INFO] LoadUrlFilesThread:135 - End of LoadUrlFiles Thread
2022-08-15 10:21:45,924 [INFO] ServerAccessManage:348 - Download File mcusFeaturesAndDescription.json._tmp_
2022-08-15 10:21:48,496 [WARN] MainUpdater:1087 - Updater busy. Cannot search thirdparties
2022-08-15 10:21:51,499 [WARN] MainUpdater:1087 - Updater busy. Cannot search thirdparties
2022-08-15 10:21:51,932 [INFO] LoadUrlFilesThread:135 - End of LoadUrlFiles Thread
2022-08-15 10:21:52,087 [INFO] ServerAccessManage:348 - Download File boardsDocs.json._tmp_
2022-08-15 10:21:52,152 [INFO] LoadUrlFilesThread:135 - End of LoadUrlFiles Thread
2022-08-15 10:21:52,326 [INFO] ServerAccessManage:348 - Download File boards.json._tmp_
2022-08-15 10:21:52,689 [INFO] LoadUrlFilesThread:135 - End of LoadUrlFiles Thread
2022-08-15 10:21:53,067 [INFO] ServerAccessManage:348 - Download File cube-finder-db.zip
2022-08-15 10:21:54,505 [WARN] MainUpdater:1087 - Updater busy. Cannot search thirdparties
2022-08-15 10:21:57,509 [WARN] MainUpdater:1087 - Updater busy. Cannot search thirdparties
2022-08-15 10:22:00,514 [WARN] MainUpdater:1087 - Updater busy. Cannot search thirdparties
2022-08-15 10:22:03,516 [WARN] MainUpdater:1087 - Updater busy. Cannot search thirdparties
2022-08-15 10:22:06,526 [WARN] MainUpdater:1087 - Updater busy. Cannot search thirdparties
2022-08-15 10:22:09,531 [WARN] MainUpdater:1087 - Updater busy. Cannot search thirdparties
2022-08-15 10:22:12,534 [WARN] MainUpdater:1087 - Updater busy. Cannot search thirdparties
2022-08-15 10:22:15,545 [WARN] MainUpdater:1087 - Updater busy. Cannot search thirdparties
2022-08-15 10:22:15,675 [INFO] FileExtend:225 - Unzip File : cube-finder-db.zip
2022-08-15 10:22:15,685 [INFO] FileExtend:240 - Standard Zip Deflate
2022-08-15 10:22:16,724 [INFO] LoadUrlFilesThread:135 - End of LoadUrlFiles Thread
2022-08-15 10:22:18,557 [WARN] MainUpdater:1087 - Updater busy. Cannot search thirdparties
2022-08-15 10:22:18,862 [INFO] ServerAccessManage:348 - Download File crdb.zip
2022-08-15 10:22:19,580 [INFO] FileExtend:225 - Unzip File : crdb.zip
2022-08-15 10:22:19,585 [INFO] FileExtend:240 - Standard Zip Deflate
2022-08-15 10:22:19,625 [INFO] LoadUrlFilesThread:135 - End of LoadUrlFiles Thread
2022-08-15 10:22:20,025 [INFO] ServerAccessManage:348 - Download File tutoVideoDB.zip
2022-08-15 10:22:20,214 [INFO] FileExtend:225 - Unzip File : tutoVideoDB.zip
2022-08-15 10:22:20,224 [INFO] FileExtend:240 - Standard Zip Deflate
2022-08-15 10:22:20,279 [INFO] LoadUrlFilesThread:135 - End of LoadUrlFiles Thread
2022-08-15 10:22:20,349 [INFO] DbMcusDocs:145 - JSON generation date=Tue Nov 16 18:17:54 EET 2021 (1637079474)
2022-08-15 10:22:20,354 [INFO] DbMcusXml:100 - Load MCU database from C:\ST\STM32CubeIDE_1.4.0\STM32CubeIDE\plugins\com.st.stm32cube.common.mx_6.0.0.202007160824\\db\/mcu/families.xml
2022-08-15 10:22:21,704 [INFO] DbMcusJson:92 - JSON generation date=Tue Nov 16 18:17:54 EET 2021 (1637079474)
2022-08-15 10:22:22,904 [INFO] ThirdPartyDb:299 - Save Third Party DataBase File (C:/Users/Mohamed/.stm32cubemx/plugins/thirdparty/db/thirdparties_db.xml) [forced]
2022-08-15 10:22:23,215 [INFO] ThirdPartyDb:299 - Save Third Party DataBase File (C:/Users/Mohamed/.stm32cubemx/plugins/thirdparty/db/thirdparties_db.xml) [forced]
2022-08-15 10:22:23,285 [INFO] IntegrityCheckThread:76 - exiting critical section [integrity check]
2022-08-15 10:22:23,285 [INFO] IntegrityCheckThread:79 - End integrity checks thread
2022-08-15 10:22:24,082 [INFO] DbMcus:175 - Found 1761 MCUs (1722 are supported by CubeMX, 1911 are visible in CubeMX)
2022-08-15 10:22:24,082 [INFO] ApiDb:192 - User favorites file not found: C:\Users\Mohamed/.stm32cubemx/favorites.mcus.txt
2022-08-15 10:22:24,082 [INFO] DbMcus:187 - Set 0 / 0 favorites MCUs
2022-08-15 10:22:24,816 [INFO] DbMcusDocs:81 - Found 682 MCUs documents
2022-08-15 10:22:24,821 [INFO] ApiDb:226 - Save user favorites file C:\Users\Mohamed/.stm32cubemx/favorites.mcus.txt: 0 item(s)
2022-08-15 10:22:24,821 [INFO] ApiDb:230 - User favorites MCUs=[]
2022-08-15 10:22:24,821 [INFO] DbMcusXml:100 - Load MCU database from C:\ST\STM32CubeIDE_1.4.0\STM32CubeIDE\plugins\com.st.stm32cube.common.mx_6.0.0.202007160824\\db\/mcu/families.xml
2022-08-15 10:22:26,366 [INFO] DbMcusJson:92 - JSON generation date=Tue Nov 16 18:17:54 EET 2021 (1637079474)
2022-08-15 10:22:27,864 [INFO] DbMcus:175 - Found 1761 MCUs (1722 are supported by CubeMX, 1911 are visible in CubeMX)
2022-08-15 10:22:27,864 [INFO] ApiDb:201 - Load user favorites file C:\Users\Mohamed/.stm32cubemx/favorites.mcus.txt: 0 item(s)
2022-08-15 10:22:27,864 [INFO] ApiDb:205 - User favorites MCUs=[]
2022-08-15 10:22:27,864 [INFO] DbMcus:187 - Set 0 / 0 favorites MCUs
2022-08-15 10:22:27,884 [INFO] DbBoardsDocs:145 - JSON generation date=Tue Nov 16 18:17:54 EET 2021 (1637079474)
2022-08-15 10:22:27,909 [INFO] DbBoardsPdsc:94 - Found 23 items
2022-08-15 10:22:27,909 [INFO] DbBoardsPdsc:94 - Found 9 items
2022-08-15 10:22:27,914 [INFO] DbBoardsPdsc:94 - Found 29 items
2022-08-15 10:22:27,919 [INFO] DbBoardsPdsc:94 - Found 1 items
2022-08-15 10:22:27,934 [INFO] DbBoardsPdsc:94 - Found 44 items
2022-08-15 10:22:27,949 [INFO] DbBoardsPdsc:94 - Found 40 items
2022-08-15 10:22:27,954 [INFO] DbBoardsPdsc:94 - Found 2 items
2022-08-15 10:22:27,959 [INFO] DbBoardsPdsc:94 - Found 4 items
2022-08-15 10:22:27,974 [WARN] DbBoardsPdsc:258 - Board STM32H7B3I-DK: unknown feature type=Audio, name=, username=Audio stereo codec with Headphone Amp (CS42L51-CNZ), n=1
2022-08-15 10:22:27,974 [WARN] DbBoardsPdsc:258 - Board STM32H735G-DK: unknown feature type=Audio, name=, username=Audio stereo codec with Headphone Amp (WM8994ECS/R), n=1
2022-08-15 10:22:27,984 [WARN] DbBoardsPdsc:258 - Board STM32H7B3I-EVAL: unknown feature type=Audio, name=, username=Multi-Channel Audio Codec (CS42L51-CNZ), n=1
2022-08-15 10:22:27,984 [WARN] DbBoardsPdsc:258 - Board STM32H7B3I-EVAL: unknown feature type=Meter, name=, username=Power-metering and Temperature-monitoring with sigma-delta modulators, n=1
2022-08-15 10:22:27,984 [WARN] DbBoardsPdsc:258 - Board STM32H7B3I-EVAL: unknown feature type=Motor, name=, username=Motor Control, n=1
2022-08-15 10:22:28,014 [INFO] DbBoardsJson:85 - JSON generation date=Tue Nov 16 18:17:54 EET 2021 (1637079474)
2022-08-15 10:22:28,034 [INFO] DbBoards:117 - Found 166 boards (149 are supported by CubeMX)
2022-08-15 10:22:28,034 [INFO] DbBoardsDocs:145 - JSON generation date=Tue Nov 16 18:17:54 EET 2021 (1637079474)
2022-08-15 10:22:28,044 [INFO] DbBoardsDocs:81 - Found 209 boards documents
2022-08-15 10:22:28,049 [WARN] DbBoards:127 - board B-L475E-IOT01A2 has no document id list !
2022-08-15 10:22:28,049 [WARN] DbBoards:127 - board NUCLEO-H743ZI has no document id list !
2022-08-15 10:22:28,054 [WARN] DbBoards:127 - board P-NUCLEO-WB55-Nucleo has no document id list !
2022-08-15 10:22:28,054 [WARN] DbBoards:127 - board P-NUCLEO-WB55-USBDongle has no document id list !
2022-08-15 10:22:28,054 [WARN] DbBoards:127 - board STEVAL-BFA001V1B has no document id list !
2022-08-15 10:22:28,054 [WARN] DbBoards:127 - board STEVAL-BFA001V2B has no document id list !
2022-08-15 10:22:28,054 [WARN] DbBoards:127 - board STEVAL-IDP005V1 has no document id list !
2022-08-15 10:22:28,054 [WARN] DbBoards:127 - board STEVAL-IDP005V2 has no document id list !
2022-08-15 10:22:28,054 [WARN] DbBoards:127 - board STEVAL-MKSBOX1V1 has no document id list !
2022-08-15 10:22:28,054 [WARN] DbBoards:127 - board STEVAL-STWINKT1 has no document id list !
2022-08-15 10:22:28,054 [WARN] DbBoards:127 - board STEVAL-STWINKT1B has no document id list !
2022-08-15 10:22:28,054 [WARN] DbBoards:127 - board STM32439I-EVAL2 has no document id list !
2022-08-15 10:22:28,054 [WARN] DbBoards:127 - board STM32F401C-DISCO has no document id list !
2022-08-15 10:22:28,059 [WARN] DbBoards:127 - board STM32F769I-DISC1 has no document id list !
2022-08-15 10:22:28,059 [WARN] DbBoards:127 - board STM32G474E-EVAL1 has no document id list !
2022-08-15 10:22:28,059 [WARN] DbBoards:127 - board STM32H743I-EVAL2 has no document id list !
2022-08-15 10:22:28,059 [WARN] DbBoards:127 - board STM32H747I-DISC1 has no document id list !
2022-08-15 10:22:28,059 [WARN] DbBoards:127 - board STM32H753I-EVAL2 has no document id list !
2022-08-15 10:22:28,059 [WARN] DbBoards:127 - board STM32L-DISCOVERY has no document id list !
2022-08-15 10:22:28,309 [ERROR] DbBoards:189 - Image file not found for board B-L462E-CELL1: C:\ST\STM32CubeIDE_1.4.0\STM32CubeIDE\plugins\com.st.stm32cube.common.mx_6.0.0.202007160824\\db\/plugins/mcufinder/images/boards/B-L462E-CELL1_small.jpg
2022-08-15 10:22:28,585 [ERROR] DbBoards:189 - Image file not found for board B-U585I-IOT02A: C:\ST\STM32CubeIDE_1.4.0\STM32CubeIDE\plugins\com.st.stm32cube.common.mx_6.0.0.202007160824\\db\/plugins/mcufinder/images/boards/B-U585I-IOT02A_small.jpg
2022-08-15 10:22:28,741 [ERROR] DbBoards:189 - Image file not found for board NUCLEO-F413ZH: C:\ST\STM32CubeIDE_1.4.0\STM32CubeIDE\plugins\com.st.stm32cube.common.mx_6.0.0.202007160824\\db\/plugins/mcufinder/images/boards/nucleo-f413zh_small.jpg
2022-08-15 10:22:29,001 [ERROR] DbBoards:189 - Image file not found for board NUCLEO-L552ZE-Q: C:\ST\STM32CubeIDE_1.4.0\STM32CubeIDE\plugins\com.st.stm32cube.common.mx_6.0.0.202007160824\\db\/plugins/mcufinder/images/boards/nucleo_l552ze_q_small.jpg
2022-08-15 10:22:29,001 [ERROR] DbBoards:189 - Image file not found for board NUCLEO-U575ZI-Q: C:\ST\STM32CubeIDE_1.4.0\STM32CubeIDE\plugins\com.st.stm32cube.common.mx_6.0.0.202007160824\\db\/plugins/mcufinder/images/boards/nucleo-u575zi-q_small.jpg
2022-08-15 10:22:29,001 [ERROR] DbBoards:189 - Image file not found for board NUCLEO-WB15CC: C:\ST\STM32CubeIDE_1.4.0\STM32CubeIDE\plugins\com.st.stm32cube.common.mx_6.0.0.202007160824\\db\/plugins/mcufinder/images/boards/nucleo-wb15cc_small.jpg
2022-08-15 10:22:29,001 [ERROR] DbBoards:189 - Image file not found for board NUCLEO-WB55RG: C:\ST\STM32CubeIDE_1.4.0\STM32CubeIDE\plugins\com.st.stm32cube.common.mx_6.0.0.202007160824\\db\/plugins/mcufinder/images/boards/nucleo-wb55rg_small.jpg
2022-08-15 10:22:29,001 [ERROR] DbBoards:189 - Image file not found for board NUCLEO-WL55JC: C:\ST\STM32CubeIDE_1.4.0\STM32CubeIDE\plugins\com.st.stm32cube.common.mx_6.0.0.202007160824\\db\/plugins/mcufinder/images/boards/nucleo-wl55jc-small.jpg
2022-08-15 10:22:29,541 [ERROR] DbBoards:189 - Image file not found for board STEVAL-STWINKT1B: C:\ST\STM32CubeIDE_1.4.0\STM32CubeIDE\plugins\com.st.stm32cube.common.mx_6.0.0.202007160824\\db\/plugins/mcufinder/images/boards/steval-stwinkt1b_small.jpg
2022-08-15 10:22:30,136 [ERROR] DbBoards:189 - Image file not found for board STM32G0C1E-EV: C:\ST\STM32CubeIDE_1.4.0\STM32CubeIDE\plugins\com.st.stm32cube.common.mx_6.0.0.202007160824\\db\/plugins/mcufinder/images/boards/stm32g0c1e-eval_small.jpg
2022-08-15 10:22:30,331 [ERROR] DbBoards:189 - Image file not found for board STM32H7B3I-EVAL: C:\ST\STM32CubeIDE_1.4.0\STM32CubeIDE\plugins\com.st.stm32cube.common.mx_6.0.0.202007160824\\db\/plugins/mcufinder/images/boards/stm32h7b3ieval_small.jpg
2022-08-15 10:22:30,580 [ERROR] DbBoards:189 - Image file not found for board STM32U575I-EV: C:\ST\STM32CubeIDE_1.4.0\STM32CubeIDE\plugins\com.st.stm32cube.common.mx_6.0.0.202007160824\\db\/plugins/mcufinder/images/boards/stm32u575i-ev_small.jpg
2022-08-15 10:22:30,629 [ERROR] DbBoards:189 - Image file not found for board STM32WB5MM-DK: C:\ST\STM32CubeIDE_1.4.0\STM32CubeIDE\plugins\com.st.stm32cube.common.mx_6.0.0.202007160824\\db\/plugins/mcufinder/images/boards/STM32WB5MM-DK_small.jpg
2022-08-15 10:22:30,629 [INFO] ApiDb:192 - User favorites file not found: C:\Users\Mohamed/.stm32cubemx/favorites.boards.txt
2022-08-15 10:22:30,629 [INFO] DbBoards:206 - Set 0 / 0 favorites Boards
2022-08-15 10:22:30,634 [INFO] DbBoardsDocs:81 - Found 418 boards documents
2022-08-15 10:22:30,634 [INFO] ApiDb:226 - Save user favorites file C:\Users\Mohamed/.stm32cubemx/favorites.boards.txt: 0 item(s)
2022-08-15 10:22:30,634 [INFO] ApiDb:230 - User favorites Boards=[]
2022-08-15 10:22:30,639 [INFO] DbBoardsPdsc:94 - Found 23 items
2022-08-15 10:22:30,644 [INFO] DbBoardsPdsc:94 - Found 9 items
2022-08-15 10:22:30,649 [INFO] DbBoardsPdsc:94 - Found 29 items
2022-08-15 10:22:30,649 [INFO] DbBoardsPdsc:94 - Found 1 items
2022-08-15 10:22:30,654 [INFO] DbBoardsPdsc:94 - Found 44 items
2022-08-15 10:22:30,659 [INFO] DbBoardsPdsc:94 - Found 40 items
2022-08-15 10:22:30,659 [INFO] DbBoardsPdsc:94 - Found 2 items
2022-08-15 10:22:30,664 [INFO] DbBoardsPdsc:94 - Found 4 items
2022-08-15 10:22:30,664 [WARN] DbBoardsPdsc:258 - Board STM32H7B3I-DK: unknown feature type=Audio, name=, username=Audio stereo codec with Headphone Amp (CS42L51-CNZ), n=1
2022-08-15 10:22:30,664 [WARN] DbBoardsPdsc:258 - Board STM32H735G-DK: unknown feature type=Audio, name=, username=Audio stereo codec with Headphone Amp (WM8994ECS/R), n=1
2022-08-15 10:22:30,674 [WARN] DbBoardsPdsc:258 - Board STM32H7B3I-EVAL: unknown feature type=Audio, name=, username=Multi-Channel Audio Codec (CS42L51-CNZ), n=1
2022-08-15 10:22:30,674 [WARN] DbBoardsPdsc:258 - Board STM32H7B3I-EVAL: unknown feature type=Meter, name=, username=Power-metering and Temperature-monitoring with sigma-delta modulators, n=1
2022-08-15 10:22:30,674 [WARN] DbBoardsPdsc:258 - Board STM32H7B3I-EVAL: unknown feature type=Motor, name=, username=Motor Control, n=1
2022-08-15 10:22:30,699 [INFO] DbBoardsJson:85 - JSON generation date=Tue Nov 16 18:17:54 EET 2021 (1637079474)
2022-08-15 10:22:30,709 [INFO] DbBoards:117 - Found 166 boards (149 are supported by CubeMX)
2022-08-15 10:22:30,709 [WARN] DbBoards:127 - board B-L475E-IOT01A2 has no document id list !
2022-08-15 10:22:30,709 [WARN] DbBoards:127 - board NUCLEO-H743ZI has no document id list !
2022-08-15 10:22:30,709 [WARN] DbBoards:127 - board P-NUCLEO-WB55-Nucleo has no document id list !
2022-08-15 10:22:30,709 [WARN] DbBoards:127 - board P-NUCLEO-WB55-USBDongle has no document id list !
2022-08-15 10:22:30,709 [WARN] DbBoards:127 - board STEVAL-BFA001V1B has no document id list !
2022-08-15 10:22:30,714 [WARN] DbBoards:127 - board STEVAL-BFA001V2B has no document id list !
2022-08-15 10:22:30,714 [WARN] DbBoards:127 - board STEVAL-IDP005V1 has no document id list !
2022-08-15 10:22:30,714 [WARN] DbBoards:127 - board STEVAL-IDP005V2 has no document id list !
2022-08-15 10:22:30,714 [WARN] DbBoards:127 - board STEVAL-MKSBOX1V1 has no document id list !
2022-08-15 10:22:30,714 [WARN] DbBoards:127 - board STEVAL-STWINKT1 has no document id list !
2022-08-15 10:22:30,714 [WARN] DbBoards:127 - board STEVAL-STWINKT1B has no document id list !
2022-08-15 10:22:30,714 [WARN] DbBoards:127 - board STM32439I-EVAL2 has no document id list !
2022-08-15 10:22:30,714 [WARN] DbBoards:127 - board STM32F401C-DISCO has no document id list !
2022-08-15 10:22:30,714 [WARN] DbBoards:127 - board STM32F769I-DISC1 has no document id list !
2022-08-15 10:22:30,714 [WARN] DbBoards:127 - board STM32G474E-EVAL1 has no document id list !
2022-08-15 10:22:30,714 [WARN] DbBoards:127 - board STM32H743I-EVAL2 has no document id list !
2022-08-15 10:22:30,714 [WARN] DbBoards:127 - board STM32H747I-DISC1 has no document id list !
2022-08-15 10:22:30,714 [WARN] DbBoards:127 - board STM32H753I-EVAL2 has no document id list !
2022-08-15 10:22:30,714 [WARN] DbBoards:127 - board STM32L-DISCOVERY has no document id list !
2022-08-15 10:22:30,759 [ERROR] DbBoards:189 - Image file not found for board B-L462E-CELL1: C:\ST\STM32CubeIDE_1.4.0\STM32CubeIDE\plugins\com.st.stm32cube.common.mx_6.0.0.202007160824\\db\/plugins/mcufinder/images/boards/B-L462E-CELL1_small.jpg
2022-08-15 10:22:30,814 [ERROR] DbBoards:189 - Image file not found for board B-U585I-IOT02A: C:\ST\STM32CubeIDE_1.4.0\STM32CubeIDE\plugins\com.st.stm32cube.common.mx_6.0.0.202007160824\\db\/plugins/mcufinder/images/boards/B-U585I-IOT02A_small.jpg
2022-08-15 10:22:30,931 [ERROR] DbBoards:189 - Image file not found for board NUCLEO-F413ZH: C:\ST\STM32CubeIDE_1.4.0\STM32CubeIDE\plugins\com.st.stm32cube.common.mx_6.0.0.202007160824\\db\/plugins/mcufinder/images/boards/nucleo-f413zh_small.jpg
2022-08-15 10:22:31,165 [ERROR] DbBoards:189 - Image file not found for board NUCLEO-L552ZE-Q: C:\ST\STM32CubeIDE_1.4.0\STM32CubeIDE\plugins\com.st.stm32cube.common.mx_6.0.0.202007160824\\db\/plugins/mcufinder/images/boards/nucleo_l552ze_q_small.jpg
2022-08-15 10:22:31,165 [ERROR] DbBoards:189 - Image file not found for board NUCLEO-U575ZI-Q: C:\ST\STM32CubeIDE_1.4.0\STM32CubeIDE\plugins\com.st.stm32cube.common.mx_6.0.0.202007160824\\db\/plugins/mcufinder/images/boards/nucleo-u575zi-q_small.jpg
2022-08-15 10:22:31,165 [ERROR] DbBoards:189 - Image file not found for board NUCLEO-WB15CC: C:\ST\STM32CubeIDE_1.4.0\STM32CubeIDE\plugins\com.st.stm32cube.common.mx_6.0.0.202007160824\\db\/plugins/mcufinder/images/boards/nucleo-wb15cc_small.jpg
2022-08-15 10:22:31,170 [ERROR] DbBoards:189 - Image file not found for board NUCLEO-WB55RG: C:\ST\STM32CubeIDE_1.4.0\STM32CubeIDE\plugins\com.st.stm32cube.common.mx_6.0.0.202007160824\\db\/plugins/mcufinder/images/boards/nucleo-wb55rg_small.jpg
2022-08-15 10:22:31,170 [ERROR] DbBoards:189 - Image file not found for board NUCLEO-WL55JC: C:\ST\STM32CubeIDE_1.4.0\STM32CubeIDE\plugins\com.st.stm32cube.common.mx_6.0.0.202007160824\\db\/plugins/mcufinder/images/boards/nucleo-wl55jc-small.jpg
2022-08-15 10:22:31,365 [ERROR] DbBoards:189 - Image file not found for board STEVAL-STWINKT1B: C:\ST\STM32CubeIDE_1.4.0\STM32CubeIDE\plugins\com.st.stm32cube.common.mx_6.0.0.202007160824\\db\/plugins/mcufinder/images/boards/steval-stwinkt1b_small.jpg
2022-08-15 10:22:31,740 [ERROR] DbBoards:189 - Image file not found for board STM32G0C1E-EV: C:\ST\STM32CubeIDE_1.4.0\STM32CubeIDE\plugins\com.st.stm32cube.common.mx_6.0.0.202007160824\\db\/plugins/mcufinder/images/boards/stm32g0c1e-eval_small.jpg
2022-08-15 10:22:31,840 [ERROR] DbBoards:189 - Image file not found for board STM32H7B3I-EVAL: C:\ST\STM32CubeIDE_1.4.0\STM32CubeIDE\plugins\com.st.stm32cube.common.mx_6.0.0.202007160824\\db\/plugins/mcufinder/images/boards/stm32h7b3ieval_small.jpg
2022-08-15 10:22:32,005 [ERROR] DbBoards:189 - Image file not found for board STM32U575I-EV: C:\ST\STM32CubeIDE_1.4.0\STM32CubeIDE\plugins\com.st.stm32cube.common.mx_6.0.0.202007160824\\db\/plugins/mcufinder/images/boards/stm32u575i-ev_small.jpg
2022-08-15 10:22:32,025 [ERROR] DbBoards:189 - Image file not found for board STM32WB5MM-DK: C:\ST\STM32CubeIDE_1.4.0\STM32CubeIDE\plugins\com.st.stm32cube.common.mx_6.0.0.202007160824\\db\/plugins/mcufinder/images/boards/STM32WB5MM-DK_small.jpg
2022-08-15 10:22:32,030 [INFO] ApiDb:201 - Load user favorites file C:\Users\Mohamed/.stm32cubemx/favorites.boards.txt: 0 item(s)
2022-08-15 10:22:32,030 [INFO] ApiDb:205 - User favorites Boards=[]
2022-08-15 10:22:32,030 [INFO] DbBoards:206 - Set 0 / 0 favorites Boards
2022-08-15 10:22:32,209 [INFO] DbExamplesSqlite:156 - SQLite db open (C:\Users\Mohamed\.stmcufinder\plugins\mcufinder\mcu\cube-finder-db.db)
2022-08-15 10:22:33,547 [INFO] DbExamplesSqlite:447 - Ignored 0 examples not supported by CubeIDE
2022-08-15 10:22:33,547 [INFO] DbExamplesSqlite:448 - Found 6197 examples active
2022-08-15 10:22:33,547 [INFO] DbExamplesSqlite:449 - Found 89 examples obsolete
2022-08-15 10:22:33,547 [INFO] DbExamplesSqlite:450 - Found 0 examples under development
2022-08-15 10:22:33,547 [INFO] DbExamplesSqlite:451 - Found 76 examples not building
2022-08-15 10:22:33,596 [INFO] DbExamplesSqlite:130 - SQLite Data Model version=2.1
2022-08-15 10:22:33,596 [INFO] DbExamplesSqlite:131 - SQLite Configuration version=3.0.32
2022-08-15 10:22:33,601 [INFO] DbExamplesSqlite:132 - SQLite generation date=2022-08-05 (1659688109)
2022-08-15 10:22:33,601 [INFO] DbExamplesSqlite:133 - SQLite FW Pack versions=[STM32Cube_FW_C0_V1.0.0, STM32Cube_FW_F4_V1.27.1, STM32Cube_FW_F7_V1.17.0, STM32Cube_FW_G0_V1.6.1, STM32Cube_FW_G4_V1.5.0, STM32Cube_FW_H7_V1.10.0, STM32Cube_FW_L5_V1.4.0, STM32Cube_FW_U5_V1.1.1, STM32Cube_FW_WB_V1.14.1, STM32Cube_FW_WL_V1.2.0, X-CUBE-ALGOBUILD_V1.3.0, X-CUBE-ALS_V1.0.1, X-CUBE-AZRTOS-F4_V1.1.0, X-CUBE-AZRTOS-F7_V1.1.0, X-CUBE-AZRTOS-G0_V1.1.0, X-CUBE-AZRTOS-G4_V1.0.0, X-CUBE-AZRTOS-H7_V2.1.0, X-CUBE-AZRTOS-L4_V1.0.0, X-CUBE-AZRTOS-L5_V1.0.0, X-CUBE-AZRTOS-WL_V1.0.0, X-CUBE-BLE1_V6.2.3, X-CUBE-BLE2_V3.3.0, X-CUBE-EEPRMA1_V3.1.1, X-CUBE-GNSS1_V6.0.0, X-CUBE-MEMS1_V9.1.0, X-CUBE-MEMS1_V9.3.0, X-CUBE-NFC4_V2.0.4, X-CUBE-NFC7_V1.0.0, X-CUBE-SFXS2LP1_V4.0.0, X-CUBE-SUBG2_V5.0.0]
2022-08-15 10:22:33,601 [INFO] DbExamples:123 - Found 6273 examples
2022-08-15 10:22:34,313 [ERROR] DbExamples:199 - Found 6273 examples with invalid data (board or MCU)
2022-08-15 10:22:34,313 [INFO] DbExamples:215 - Found 72 boards with related examples
2022-08-15 10:22:34,313 [INFO] DbExamples:228 - Found 0 MCUs with related examples
2022-08-15 10:22:34,348 [INFO] ApiDb:192 - User favorites file not found: C:\Users\Mohamed/.stm32cubemx/favorites.examples.txt
2022-08-15 10:22:34,348 [INFO] DbExamples:249 - Set 0 / 0 favorites Examples
2022-08-15 10:22:40,541 [INFO] McuFinderGlobals:40 - Set McuFinder mode to 2 (CubeIDE integrated)
2022-08-15 10:22:40,792 [INFO] CrossSelectorPresenter:1330 - Cross Selector saved comparison directory: C:\Users\Mohamed\.stmcufinder\plugins\mcufinder\mcu\cs_comparisons_mx
2022-08-15 10:22:40,802 [INFO] MultiScanPanel:193 - Auto-refresh data requested => check proxy status ongoing
2022-08-15 10:22:40,802 [INFO] FinderPluginLoader:87 - Searching for filters in installed packs
2022-08-15 10:22:42,392 [INFO] ServerAccessManage:348 - Download File 
2022-08-15 10:22:42,652 [INFO] LoadUrlFilesThread:162 - End of LoadServerUrlFiles without Thread
2022-08-15 10:22:42,662 [INFO] DetailPanel:331 - Set advertising image to C:/Users/Mohamed/STM32Cube/Repository/\stm32cubemx-promo_image.jpg
2022-08-15 10:22:43,157 [INFO] McuFilterPanel:245 - Update 0 favorites MCUs
2022-08-15 10:23:02,440 [INFO] RetryExec:97 - I/O exception (org.apache.http.NoHttpResponseException) caught when processing request to {s}->https://download.eclipse.org:443: The target server failed to respond
2022-08-15 10:23:02,446 [INFO] RetryExec:113 - Retrying request to {s}->https://download.eclipse.org:443
2022-08-15 10:23:03,325 [INFO] RetryExec:97 - I/O exception (org.apache.http.NoHttpResponseException) caught when processing request to {s}->https://archive.eclipse.org:443: The target server failed to respond
2022-08-15 10:23:03,325 [INFO] RetryExec:113 - Retrying request to {s}->https://archive.eclipse.org:443
2022-08-15 10:23:18,016 [INFO] LogOutputStream:76 - [STDOUT_REDIRECT] withoutVersionV1.8.4
2022-08-15 10:23:18,016 [INFO] LogOutputStream:76 - [STDOUT_REDIRECT] withoutVersionV1.8.3
2022-08-15 10:23:18,021 [INFO] LogOutputStream:76 - [STDOUT_REDIRECT] withoutVersionV1.8.2
2022-08-15 10:23:18,021 [INFO] LogOutputStream:76 - [STDOUT_REDIRECT] withoutVersionV1.8.1
2022-08-15 10:23:18,021 [INFO] LogOutputStream:76 - [STDOUT_REDIRECT] withoutVersionV1.8.0
2022-08-15 10:23:28,788 [INFO] ApiDb:226 - Save user favorites file C:\Users\Mohamed/.stm32cubeide/favorites.mcus.txt: 0 item(s)
2022-08-15 10:23:28,801 [INFO] ApiDb:230 - User favorites MCUs=[]
2022-08-15 11:11:23,241 [INFO] MainUpdater:2268 - connection check result : 10
2022-08-15 11:11:23,366 [INFO] McuFinderGlobals:40 - Set McuFinder mode to 2 (CubeIDE integrated)
2022-08-15 11:11:23,481 [INFO] CrossSelectorPresenter:1330 - Cross Selector saved comparison directory: C:\Users\Mohamed\.stmcufinder\plugins\mcufinder\mcu\cs_comparisons_mx
2022-08-15 11:11:23,481 [INFO] MultiScanPanel:193 - Auto-refresh data requested => check proxy status ongoing
2022-08-15 11:11:23,481 [INFO] FinderPluginLoader:87 - Searching for filters in installed packs
2022-08-15 11:11:23,913 [INFO] LoadUrlFilesThread:162 - End of LoadServerUrlFiles without Thread
2022-08-15 11:11:23,913 [INFO] DetailPanel:331 - Set advertising image to C:/Users/Mohamed/STM32Cube/Repository/\stm32cubemx-promo_image.jpg
2022-08-15 11:11:24,373 [INFO] McuFilterPanel:245 - Update 0 favorites MCUs
2022-08-15 11:12:00,230 [INFO] ApiDb:226 - Save user favorites file C:\Users\Mohamed/.stm32cubeide/favorites.mcus.txt: 0 item(s)
2022-08-15 11:12:00,230 [INFO] ApiDb:230 - User favorites MCUs=[]
