2022-11-07 01:52:48,826 [INFO] Activator:178 - 


2022-11-07 01:52:48,833 [INFO] Activator:179 - !SESSION log4j initialized
2022-11-07 01:53:00,021 [INFO] ApplicationProperties:181 - Using Application install path: C:\ST\STM32CubeIDE_1.4.0\STM32CubeIDE\plugins\com.st.stm32cube.common.mx_6.0.0.202007160824
2022-11-07 01:53:00,051 [INFO] DbMcusXml:70 - Set database path to: C:\ST\STM32CubeIDE_1.4.0\STM32CubeIDE\plugins\com.st.stm32cube.common.mx_6.0.0.202007160824\\db\/mcu/
2022-11-07 01:53:00,064 [INFO] DbBoardsPdsc:56 - Set plugin database path to: C:\ST\STM32CubeIDE_1.4.0\STM32CubeIDE\plugins\com.st.stm32cube.common.mx_6.0.0.202007160824\\db\/plugins/boardmanager/
2022-11-07 01:53:00,065 [INFO] DbMcus:258 - Set plugin images path to: C:\ST\STM32CubeIDE_1.4.0\STM32CubeIDE\plugins\com.st.stm32cube.common.mx_6.0.0.202007160824\\db\/plugins/mcufinder/images/
2022-11-07 01:53:00,065 [INFO] DbBoards:264 - Set plugin images path to: C:\ST\STM32CubeIDE_1.4.0\STM32CubeIDE\plugins\com.st.stm32cube.common.mx_6.0.0.202007160824\\db\/plugins/mcufinder/images/
2022-11-07 01:53:00,080 [INFO] DbExamples:326 - Set plugin images path to: C:\ST\STM32CubeIDE_1.4.0\STM32CubeIDE\plugins\com.st.stm32cube.common.mx_6.0.0.202007160824\\db\/plugins/mcufinder/images/
2022-11-07 01:53:00,109 [INFO] DbMcusDocs:112 - Set database path to: C:\Users\Mohamed\.stmcufinder\plugins\mcufinder//mcu/
2022-11-07 01:53:00,114 [INFO] DbMcusJson:63 - Set database path to: C:\Users\Mohamed\.stmcufinder\plugins\mcufinder//mcu/
2022-11-07 01:53:00,116 [INFO] DbBoardsDocs:112 - Set database path to: C:\Users\Mohamed\.stmcufinder\plugins\mcufinder//mcu/
2022-11-07 01:53:00,120 [INFO] DbBoardsJson:56 - Set database path to: C:\Users\Mohamed\.stmcufinder\plugins\mcufinder//mcu/
2022-11-07 01:53:00,129 [INFO] CrossReferenceDbSqlite:196 - Set database path to: C:\Users\Mohamed\.stmcufinder\plugins\mcufinder//mcu/cs/
2022-11-07 01:53:00,138 [INFO] DbExamplesSqlite:800 - Set database path to: C:\Users\Mohamed\.stmcufinder\plugins\mcufinder//mcu/
2022-11-07 01:53:00,393 [INFO] RulesReader:52 - Compatibility file has been processed (209 Rules)
2022-11-07 01:53:00,603 [INFO] MicroXplorer:564 - Detected Java Version = 1.8.0_252
2022-11-07 01:53:00,604 [INFO] DbMcusXml:70 - Set database path to: C:\ST\STM32CubeIDE_1.4.0\STM32CubeIDE\plugins\com.st.stm32cube.common.mx_6.0.0.202007160824\\db\/mcu/
2022-11-07 01:53:00,605 [INFO] DbBoardsPdsc:56 - Set plugin database path to: C:\ST\STM32CubeIDE_1.4.0\STM32CubeIDE\plugins\com.st.stm32cube.common.mx_6.0.0.202007160824\\db\/plugins/boardmanager/
2022-11-07 01:53:00,606 [INFO] DbMcus:258 - Set plugin images path to: C:\ST\STM32CubeIDE_1.4.0\STM32CubeIDE\plugins\com.st.stm32cube.common.mx_6.0.0.202007160824\\db\/plugins/mcufinder/images/
2022-11-07 01:53:00,607 [INFO] DbBoards:264 - Set plugin images path to: C:\ST\STM32CubeIDE_1.4.0\STM32CubeIDE\plugins\com.st.stm32cube.common.mx_6.0.0.202007160824\\db\/plugins/mcufinder/images/
2022-11-07 01:53:00,607 [INFO] DbExamples:326 - Set plugin images path to: C:\ST\STM32CubeIDE_1.4.0\STM32CubeIDE\plugins\com.st.stm32cube.common.mx_6.0.0.202007160824\\db\/plugins/mcufinder/images/
2022-11-07 01:53:00,608 [WARN] DbFile:36 - Overriding database path with different value: C:\Users\Mohamed\.stmcufinder\plugins\mcufinder/ => C:\Users\Mohamed\.stmcufinder\plugins\mcufinder
2022-11-07 01:53:00,608 [INFO] DbMcusDocs:112 - Set database path to: C:\Users\Mohamed\.stmcufinder\plugins\mcufinder//mcu/
2022-11-07 01:53:00,608 [WARN] DbFile:36 - Overriding database path with different value: C:\Users\Mohamed\.stmcufinder\plugins\mcufinder/ => C:\Users\Mohamed\.stmcufinder\plugins\mcufinder
2022-11-07 01:53:00,609 [INFO] DbMcusJson:63 - Set database path to: C:\Users\Mohamed\.stmcufinder\plugins\mcufinder//mcu/
2022-11-07 01:53:00,609 [WARN] DbFile:36 - Overriding database path with different value: C:\Users\Mohamed\.stmcufinder\plugins\mcufinder/ => C:\Users\Mohamed\.stmcufinder\plugins\mcufinder
2022-11-07 01:53:00,610 [INFO] DbBoardsDocs:112 - Set database path to: C:\Users\Mohamed\.stmcufinder\plugins\mcufinder//mcu/
2022-11-07 01:53:00,610 [WARN] DbFile:36 - Overriding database path with different value: C:\Users\Mohamed\.stmcufinder\plugins\mcufinder/ => C:\Users\Mohamed\.stmcufinder\plugins\mcufinder
2022-11-07 01:53:00,610 [INFO] DbBoardsJson:56 - Set database path to: C:\Users\Mohamed\.stmcufinder\plugins\mcufinder//mcu/
2022-11-07 01:53:00,611 [WARN] DbFile:36 - Overriding database path with different value: C:\Users\Mohamed\.stmcufinder\plugins\mcufinder/ => C:\Users\Mohamed\.stmcufinder\plugins\mcufinder
2022-11-07 01:53:00,611 [WARN] DbFile:36 - Overriding database path with different value: C:\Users\Mohamed\.stmcufinder\plugins\mcufinder/ => C:\Users\Mohamed\.stmcufinder\plugins\mcufinder
2022-11-07 01:53:00,611 [INFO] CrossReferenceDbSqlite:196 - Set database path to: C:\Users\Mohamed\.stmcufinder\plugins\mcufinder//mcu/cs/
2022-11-07 01:53:00,612 [WARN] DbFile:36 - Overriding database path with different value: C:\Users\Mohamed\.stmcufinder\plugins\mcufinder/ => C:\Users\Mohamed\.stmcufinder\plugins\mcufinder
2022-11-07 01:53:00,612 [INFO] DbExamplesSqlite:800 - Set database path to: C:\Users\Mohamed\.stmcufinder\plugins\mcufinder//mcu/
2022-11-07 01:53:00,776 [INFO] MainPanel:189 - HeapMemory: 268435456
2022-11-07 01:53:00,956 [INFO] DbMcusXml:70 - Set database path to: C:\ST\STM32CubeIDE_1.4.0\STM32CubeIDE\plugins\com.st.stm32cube.common.mx_6.0.0.202007160824\\db\/mcu/
2022-11-07 01:53:00,957 [INFO] DbBoardsPdsc:56 - Set plugin database path to: C:\ST\STM32CubeIDE_1.4.0\STM32CubeIDE\plugins\com.st.stm32cube.common.mx_6.0.0.202007160824\\db\/plugins/boardmanager/
2022-11-07 01:53:00,957 [INFO] DbMcus:258 - Set plugin images path to: C:\ST\STM32CubeIDE_1.4.0\STM32CubeIDE\plugins\com.st.stm32cube.common.mx_6.0.0.202007160824\\db\/plugins/mcufinder/images/
2022-11-07 01:53:00,958 [INFO] DbBoards:264 - Set plugin images path to: C:\ST\STM32CubeIDE_1.4.0\STM32CubeIDE\plugins\com.st.stm32cube.common.mx_6.0.0.202007160824\\db\/plugins/mcufinder/images/
2022-11-07 01:53:00,958 [INFO] DbExamples:326 - Set plugin images path to: C:\ST\STM32CubeIDE_1.4.0\STM32CubeIDE\plugins\com.st.stm32cube.common.mx_6.0.0.202007160824\\db\/plugins/mcufinder/images/
2022-11-07 01:53:00,960 [WARN] DbFile:36 - Overriding database path with different value: C:\Users\Mohamed\.stmcufinder\plugins\mcufinder/ => C:\Users\Mohamed\.stmcufinder\plugins\mcufinder
2022-11-07 01:53:00,960 [INFO] DbMcusDocs:112 - Set database path to: C:\Users\Mohamed\.stmcufinder\plugins\mcufinder//mcu/
2022-11-07 01:53:00,960 [WARN] DbFile:36 - Overriding database path with different value: C:\Users\Mohamed\.stmcufinder\plugins\mcufinder/ => C:\Users\Mohamed\.stmcufinder\plugins\mcufinder
2022-11-07 01:53:00,961 [INFO] DbMcusJson:63 - Set database path to: C:\Users\Mohamed\.stmcufinder\plugins\mcufinder//mcu/
2022-11-07 01:53:00,961 [WARN] DbFile:36 - Overriding database path with different value: C:\Users\Mohamed\.stmcufinder\plugins\mcufinder/ => C:\Users\Mohamed\.stmcufinder\plugins\mcufinder
2022-11-07 01:53:00,961 [INFO] DbBoardsDocs:112 - Set database path to: C:\Users\Mohamed\.stmcufinder\plugins\mcufinder//mcu/
2022-11-07 01:53:00,962 [WARN] DbFile:36 - Overriding database path with different value: C:\Users\Mohamed\.stmcufinder\plugins\mcufinder/ => C:\Users\Mohamed\.stmcufinder\plugins\mcufinder
2022-11-07 01:53:00,962 [INFO] DbBoardsJson:56 - Set database path to: C:\Users\Mohamed\.stmcufinder\plugins\mcufinder//mcu/
2022-11-07 01:53:00,963 [WARN] DbFile:36 - Overriding database path with different value: C:\Users\Mohamed\.stmcufinder\plugins\mcufinder/ => C:\Users\Mohamed\.stmcufinder\plugins\mcufinder
2022-11-07 01:53:00,963 [WARN] DbFile:36 - Overriding database path with different value: C:\Users\Mohamed\.stmcufinder\plugins\mcufinder/ => C:\Users\Mohamed\.stmcufinder\plugins\mcufinder
2022-11-07 01:53:00,963 [INFO] CrossReferenceDbSqlite:196 - Set database path to: C:\Users\Mohamed\.stmcufinder\plugins\mcufinder//mcu/cs/
2022-11-07 01:53:00,964 [WARN] DbFile:36 - Overriding database path with different value: C:\Users\Mohamed\.stmcufinder\plugins\mcufinder/ => C:\Users\Mohamed\.stmcufinder\plugins\mcufinder
2022-11-07 01:53:00,964 [INFO] DbExamplesSqlite:800 - Set database path to: C:\Users\Mohamed\.stmcufinder\plugins\mcufinder//mcu/
2022-11-07 01:53:01,005 [INFO] ApplicationProperties:181 - Using Application install path: C:\ST\STM32CubeIDE_1.4.0\STM32CubeIDE\plugins\com.st.stm32cube.common.mx_6.0.0.202007160824
2022-11-07 01:53:01,009 [INFO] PluginManage:178 - Search for loadable plugins [exclusion list=, ]
2022-11-07 01:53:01,012 [INFO] PluginManage:292 - Check plugin analytics
2022-11-07 01:53:01,372 [INFO] AnalyticsPlugin:203 - Accepted Software Licenses: 
2022-11-07 01:53:01,373 [INFO] AnalyticsPlugin:205 - Accepted CMSIS Pack Licenses: 
2022-11-07 01:53:01,373 [INFO] AnalyticsPlugin:207 - Accepted Firmware Licenses: 
2022-11-07 01:53:01,375 [INFO] PluginManage:342 - Loaded plugin analytics (category:tool,tabindex:-1)
2022-11-07 01:53:01,375 [INFO] PluginManage:292 - Check plugin clock
2022-11-07 01:53:01,419 [INFO] PluginManage:342 - Loaded plugin clock (category:base,tabindex:2)
2022-11-07 01:53:01,420 [INFO] PluginManage:292 - Check plugin ddr
2022-11-07 01:53:01,430 [INFO] PluginManage:342 - Loaded plugin ddr (category:tool,tabindex:6)
2022-11-07 01:53:01,430 [INFO] PluginManage:292 - Check plugin filemanager
2022-11-07 01:53:01,737 [INFO] PluginManage:342 - Loaded plugin filemanager (category:base,tabindex:10)
2022-11-07 01:53:01,737 [INFO] PluginManage:292 - Check plugin ipmanager
2022-11-07 01:53:01,750 [INFO] PluginManage:342 - Loaded plugin ipmanager (category:base,tabindex:5)
2022-11-07 01:53:01,750 [INFO] PluginManage:292 - Check plugin pinoutandconfiguration
2022-11-07 01:53:01,783 [INFO] PluginManage:342 - Loaded plugin pinoutandconfiguration (category:base,tabindex:1)
2022-11-07 01:53:01,784 [INFO] PluginManage:292 - Check plugin pinoutconfig
2022-11-07 01:53:01,856 [INFO] PluginManage:342 - Loaded plugin pinoutconfig (category:base,tabindex:0)
2022-11-07 01:53:01,857 [INFO] PluginManage:292 - Check plugin power
2022-11-07 01:53:01,891 [INFO] PluginManage:342 - Loaded plugin power (category:power,tabindex:4)
2022-11-07 01:53:01,891 [INFO] PluginManage:292 - Check plugin projectmanager
2022-11-07 01:53:01,925 [INFO] PluginManage:342 - Loaded plugin projectmanager (category:projectmanager,tabindex:3)
2022-11-07 01:53:01,925 [INFO] PluginManage:292 - Check plugin thirdparty
2022-11-07 01:53:02,296 [INFO] ThirdPartyDb:333 - Open Third Party DataBase File (C:/Users/Mohamed/.stm32cubemx/plugins/thirdparty/db/thirdparties_db.xml) : 159 ms. number of Sw pack : 48
2022-11-07 01:53:02,304 [INFO] PluginManage:342 - Loaded plugin thirdparty (category:base,tabindex:-1)
2022-11-07 01:53:02,305 [INFO] PluginManage:292 - Check plugin tools
2022-11-07 01:53:02,427 [INFO] PluginManage:342 - Loaded plugin tools (category:base,tabindex:7)
2022-11-07 01:53:02,427 [INFO] PluginManage:292 - Check plugin tutovideos
2022-11-07 01:53:03,024 [INFO] PluginManage:342 - Loaded plugin tutovideos (category:base,tabindex:-1)
2022-11-07 01:53:03,025 [INFO] PluginManage:292 - Check plugin updater
2022-11-07 01:53:03,072 [INFO] PluginManage:342 - Loaded plugin updater (category:base,tabindex:12)
2022-11-07 01:53:03,073 [INFO] PluginManage:265 - PluginManage : Loaded plugins [13]
2022-11-07 01:53:03,548 [INFO] PinOutPanel:1418 - setPackage(No Configuration,No Configuration)
2022-11-07 01:53:03,794 [INFO] IPUIPlugin:64 - create IPUIPlugin
2022-11-07 01:53:03,795 [INFO] PluginManager:200 - loadIPPluginJar : add adc
2022-11-07 01:53:03,873 [INFO] IPUIPlugin:64 - create IPUIPlugin
2022-11-07 01:53:03,873 [INFO] PluginManager:200 - loadIPPluginJar : add aes
2022-11-07 01:53:03,986 [INFO] IPUIPlugin:64 - create IPUIPlugin
2022-11-07 01:53:03,986 [INFO] PluginManager:200 - loadIPPluginJar : add can
2022-11-07 01:53:04,069 [INFO] IPUIPlugin:64 - create IPUIPlugin
2022-11-07 01:53:04,070 [INFO] PluginManager:200 - loadIPPluginJar : add comp
2022-11-07 01:53:04,153 [INFO] IPUIPlugin:64 - create IPUIPlugin
2022-11-07 01:53:04,154 [INFO] PluginManager:200 - loadIPPluginJar : add cryp
2022-11-07 01:53:04,222 [INFO] IPUIPlugin:64 - create IPUIPlugin
2022-11-07 01:53:04,223 [INFO] PluginManager:200 - loadIPPluginJar : add dfsdm
2022-11-07 01:53:04,249 [INFO] IPUIPlugin:64 - create IPUIPlugin
2022-11-07 01:53:04,251 [INFO] PluginManager:200 - loadIPPluginJar : add dma
2022-11-07 01:53:04,308 [INFO] IPUIPlugin:64 - create IPUIPlugin
2022-11-07 01:53:04,309 [INFO] PluginManager:200 - loadIPPluginJar : add fatfs
2022-11-07 01:53:04,499 [INFO] IPUIPlugin:64 - create IPUIPlugin
2022-11-07 01:53:04,500 [INFO] PluginManager:200 - loadIPPluginJar : add fmc
2022-11-07 01:53:04,542 [INFO] IPUIPlugin:64 - create IPUIPlugin
2022-11-07 01:53:04,542 [INFO] PluginManager:200 - loadIPPluginJar : add freertos
2022-11-07 01:53:04,622 [INFO] IPUIPlugin:64 - create IPUIPlugin
2022-11-07 01:53:04,623 [INFO] PluginManager:200 - loadIPPluginJar : add genericplugin
2022-11-07 01:53:04,893 [INFO] IPUIPlugin:64 - create IPUIPlugin
2022-11-07 01:53:04,894 [INFO] PluginManager:200 - loadIPPluginJar : add gfxmmu
2022-11-07 01:53:05,274 [INFO] IPUIPlugin:64 - create IPUIPlugin
2022-11-07 01:53:05,275 [INFO] PluginManager:200 - loadIPPluginJar : add gic
2022-11-07 01:53:05,300 [INFO] IPUIPlugin:64 - create IPUIPlugin
2022-11-07 01:53:05,300 [INFO] PluginManager:200 - loadIPPluginJar : add gpio
2022-11-07 01:53:05,419 [INFO] IPUIPlugin:64 - create IPUIPlugin
2022-11-07 01:53:05,420 [INFO] PluginManager:200 - loadIPPluginJar : add gtzc
2022-11-07 01:53:05,498 [INFO] IPUIPlugin:64 - create IPUIPlugin
2022-11-07 01:53:05,498 [INFO] PluginManager:200 - loadIPPluginJar : add hash
2022-11-07 01:53:05,589 [INFO] IPUIPlugin:64 - create IPUIPlugin
2022-11-07 01:53:05,590 [INFO] PluginManager:200 - loadIPPluginJar : add i2c
2022-11-07 01:53:05,663 [INFO] IPUIPlugin:64 - create IPUIPlugin
2022-11-07 01:53:05,663 [INFO] PluginManager:200 - loadIPPluginJar : add i2s
2022-11-07 01:53:05,683 [INFO] IPUIPlugin:64 - create IPUIPlugin
2022-11-07 01:53:05,684 [INFO] PluginManager:200 - loadIPPluginJar : add ipddr
2022-11-07 01:53:05,757 [INFO] IPUIPlugin:64 - create IPUIPlugin
2022-11-07 01:53:05,757 [INFO] PluginManager:200 - loadIPPluginJar : add ltdc
2022-11-07 01:53:05,774 [INFO] IPUIPlugin:64 - create IPUIPlugin
2022-11-07 01:53:05,775 [INFO] PluginManager:200 - loadIPPluginJar : add mdma
2022-11-07 01:53:05,795 [INFO] IPUIPlugin:64 - create IPUIPlugin
2022-11-07 01:53:05,796 [INFO] PluginManager:200 - loadIPPluginJar : add nvic
2022-11-07 01:53:05,863 [INFO] IPUIPlugin:64 - create IPUIPlugin
2022-11-07 01:53:05,864 [INFO] PluginManager:200 - loadIPPluginJar : add opamp
2022-11-07 01:53:05,997 [INFO] IPUIPlugin:64 - create IPUIPlugin
2022-11-07 01:53:05,998 [INFO] PluginManager:200 - loadIPPluginJar : add openamp
2022-11-07 01:53:06,066 [INFO] IPUIPlugin:64 - create IPUIPlugin
2022-11-07 01:53:06,067 [INFO] PluginManager:200 - loadIPPluginJar : add pdm2pcm
2022-11-07 01:53:06,095 [INFO] IPUIPlugin:64 - create IPUIPlugin
2022-11-07 01:53:06,102 [INFO] PluginManager:200 - loadIPPluginJar : add plateformsettings
2022-11-07 01:53:06,152 [INFO] IPUIPlugin:64 - create IPUIPlugin
2022-11-07 01:53:06,153 [INFO] PluginManager:200 - loadIPPluginJar : add quadspi
2022-11-07 01:53:06,176 [INFO] IPUIPlugin:64 - create IPUIPlugin
2022-11-07 01:53:06,178 [INFO] PluginManager:200 - loadIPPluginJar : add resmgrutility
2022-11-07 01:53:06,270 [INFO] IPUIPlugin:64 - create IPUIPlugin
2022-11-07 01:53:06,270 [INFO] PluginManager:200 - loadIPPluginJar : add sai
2022-11-07 01:53:06,350 [INFO] IPUIPlugin:64 - create IPUIPlugin
2022-11-07 01:53:06,351 [INFO] PluginManager:200 - loadIPPluginJar : add spi
2022-11-07 01:53:06,470 [INFO] IPUIPlugin:64 - create IPUIPlugin
2022-11-07 01:53:06,470 [INFO] PluginManager:200 - loadIPPluginJar : add stm32_wpan
2022-11-07 01:53:06,570 [INFO] IPUIPlugin:64 - create IPUIPlugin
2022-11-07 01:53:06,571 [INFO] PluginManager:200 - loadIPPluginJar : add tim
2022-11-07 01:53:06,725 [INFO] IPUIPlugin:64 - create IPUIPlugin
2022-11-07 01:53:06,728 [INFO] PluginManager:200 - loadIPPluginJar : add touchsensing
2022-11-07 01:53:06,800 [INFO] IPUIPlugin:64 - create IPUIPlugin
2022-11-07 01:53:06,801 [INFO] PluginManager:200 - loadIPPluginJar : add tracer_emb
2022-11-07 01:53:06,876 [INFO] IPUIPlugin:64 - create IPUIPlugin
2022-11-07 01:53:06,877 [INFO] PluginManager:200 - loadIPPluginJar : add ts
2022-11-07 01:53:06,932 [INFO] IPUIPlugin:64 - create IPUIPlugin
2022-11-07 01:53:06,932 [INFO] PluginManager:200 - loadIPPluginJar : add tsc
2022-11-07 01:53:06,988 [INFO] IPUIPlugin:64 - create IPUIPlugin
2022-11-07 01:53:06,988 [INFO] PluginManager:200 - loadIPPluginJar : add ucpd
2022-11-07 01:53:07,092 [INFO] IPUIPlugin:64 - create IPUIPlugin
2022-11-07 01:53:07,093 [INFO] PluginManager:200 - loadIPPluginJar : add usart
2022-11-07 01:53:08,437 [INFO] CubeProgrammer:457 - [DDR PANEL] - PathOfProgrammer: null
2022-11-07 01:53:10,548 [FATAL] Updater:282 - Updater called before beeing initialized
2022-11-07 01:53:11,054 [FATAL] Updater:282 - Updater called before beeing initialized
2022-11-07 01:53:11,055 [WARN] ThirdParty:775 - waiting for thirdparty lock release [close project]
2022-11-07 01:53:11,055 [INFO] ThirdParty:777 - entering critical section [close project]
2022-11-07 01:53:11,057 [INFO] ThirdParty:790 - exiting critical section [close project]
2022-11-07 01:53:11,064 [INFO] PinOutPanel:1418 - setPackage(No Configuration,No Configuration)
2022-11-07 01:53:11,075 [FATAL] Updater:282 - Updater called before beeing initialized
2022-11-07 01:53:11,106 [ERROR] Updater:967 - MainUpdater not yet initialized. External WinMGr cannot be set.
2022-11-07 01:53:11,108 [INFO] CubeProgrammer:457 - [DDR PANEL] - PathOfProgrammer: C:\ST\STM32CubeIDE_1.4.0\STM32CubeIDE\plugins\com.st.stm32cube.ide.mcu.externaltools.cubeprogrammer.win32_1.4.0.202007081208\tools\bin
2022-11-07 01:53:11,133 [INFO] ProgrammerExecThread:148 - [ProgrammerAPI] CubeProgrammer command construction: C:\ST\STM32CubeIDE_1.4.0\STM32CubeIDE\plugins\com.st.stm32cube.ide.mcu.externaltools.cubeprogrammer.win32_1.4.0.202007081208\tools\bin\STM32_Programmer_CLI.exe -l
2022-11-07 01:53:11,845 [INFO] MainDdrPanel:49 - [DDR PANEL] SETTER - Set cubeProgrammerPath to: C:\ST\STM32CubeIDE_1.4.0\STM32CubeIDE\plugins\com.st.stm32cube.ide.mcu.externaltools.cubeprogrammer.win32_1.4.0.202007081208\tools\bin
2022-11-07 01:53:12,187 [INFO] Updater:904 - Updater Version found : 6.0.0
2022-11-07 01:53:12,244 [INFO] ApplicationProperties:181 - Using Application install path: C:\ST\STM32CubeIDE_1.4.0\STM32CubeIDE\plugins\com.st.stm32cube.common.mx_6.0.0.202007160824
2022-11-07 01:53:13,223 [INFO] MainUpdater:2268 - connection check result : 10
2022-11-07 01:53:13,224 [INFO] MainUpdater:2935 - Updater definition file requires update
2022-11-07 01:53:13,226 [INFO] MainUpdater:239 - Updater Check For Update Now.
2022-11-07 01:53:13,226 [INFO] MicroXplorer:414 - Change Database Version : DB.6.0.0
2022-11-07 01:53:13,578 [INFO] ServerAccessManage:348 - Download File updaters.zip
2022-11-07 01:53:13,934 [INFO] FileExtend:225 - Unzip File : updaters.zip
2022-11-07 01:53:13,935 [INFO] FileExtend:240 - Standard Zip Deflate
2022-11-07 01:53:14,392 [WARN] IntegrityCheckThread:61 - waiting for thirdparty lock release [integrity check]
2022-11-07 01:53:14,393 [INFO] IntegrityCheckThread:63 - entering critical section [integrity check]
2022-11-07 01:53:14,396 [WARN] MainUpdater:1087 - Updater busy. Cannot search thirdparties
2022-11-07 01:53:15,174 [INFO] ServerAccessManage:348 - Download File PacksControlFlags.xml
2022-11-07 01:53:15,522 [INFO] ServerAccessManage:348 - Download File cubemx.pidx
2022-11-07 01:53:16,630 [INFO] ServerAccessManage:348 - Download File STMicroelectronics.X-CUBE-AI.pdsc
2022-11-07 01:53:17,408 [WARN] MainUpdater:1087 - Updater busy. Cannot search thirdparties
2022-11-07 01:53:19,401 [INFO] ServerAccessManage:348 - Download File STMicroelectronics.X-CUBE-ISPU.pdsc
2022-11-07 01:53:20,444 [WARN] MainUpdater:1087 - Updater busy. Cannot search thirdparties
2022-11-07 01:53:20,982 [INFO] CheckServerUpdateThread:102 - End of CheckServer Thread
2022-11-07 01:53:21,002 [INFO] ThirdPartyDb:299 - Save Third Party DataBase File (C:/Users/Mohamed/.stm32cubemx/plugins/thirdparty/db/thirdparties_db.xml) [forced]
2022-11-07 01:53:21,054 [INFO] MainUpdater:2268 - connection check result : 10
2022-11-07 01:53:21,269 [INFO] ThirdPartyDb:299 - Save Third Party DataBase File (C:/Users/Mohamed/.stm32cubemx/plugins/thirdparty/db/thirdparties_db.xml) [forced]
2022-11-07 01:53:21,901 [INFO] PopulateThirdPartyThread:50 - Ending populate Thread
2022-11-07 01:53:21,901 [INFO] ThirdPartyDb:299 - Save Third Party DataBase File (C:/Users/Mohamed/.stm32cubemx/plugins/thirdparty/db/thirdparties_db.xml) [forced]
2022-11-07 01:53:22,058 [INFO] Engine:289 - softwarePackList size : 50
2022-11-07 01:53:22,070 [INFO] Engine:305 - compute dependency for SwPack FreeRTOS have been done, no update is requested
2022-11-07 01:53:22,070 [INFO] Engine:305 - compute dependency for SwPack lwIP have been done, no update is requested
2022-11-07 01:53:22,070 [INFO] Engine:305 - compute dependency for SwPack lwIP have been done, no update is requested
2022-11-07 01:53:22,070 [INFO] Engine:305 - compute dependency for SwPack MBEDTLS have been done, no update is requested
2022-11-07 01:53:22,070 [INFO] Engine:305 - compute dependency for SwPack MBEDTLS have been done, no update is requested
2022-11-07 01:53:22,070 [INFO] Engine:305 - compute dependency for SwPack PDM2PCM have been done, no update is requested
2022-11-07 01:53:22,070 [INFO] Engine:305 - compute dependency for SwPack PDM2PCM have been done, no update is requested
2022-11-07 01:53:22,071 [INFO] Engine:305 - compute dependency for SwPack PDM2PCM have been done, no update is requested
2022-11-07 01:53:22,095 [INFO] Engine:305 - compute dependency for SwPack USB_DEVICE have been done, no update is requested
2022-11-07 01:53:22,095 [INFO] Engine:305 - compute dependency for SwPack USB_DEVICE have been done, no update is requested
2022-11-07 01:53:22,095 [INFO] Engine:305 - compute dependency for SwPack USB_DEVICE have been done, no update is requested
2022-11-07 01:53:22,107 [INFO] Engine:305 - compute dependency for SwPack USB_HOST have been done, no update is requested
2022-11-07 01:53:22,107 [INFO] Engine:305 - compute dependency for SwPack USB_HOST have been done, no update is requested
2022-11-07 01:53:22,115 [INFO] Engine:301 - compute dependency for SwPack FP-ATR-ASTRA1 have been done, and update is requested
2022-11-07 01:53:22,173 [INFO] Engine:301 - compute dependency for SwPack X-CUBE-AI have been done, and update is requested
2022-11-07 01:53:22,214 [INFO] Engine:301 - compute dependency for SwPack X-CUBE-ALS have been done, and update is requested
2022-11-07 01:53:22,244 [INFO] Engine:301 - compute dependency for SwPack X-CUBE-BLE1 have been done, and update is requested
2022-11-07 01:53:22,256 [INFO] ServerAccessManage:348 - Download File mcusDocs.json._tmp_
2022-11-07 01:53:22,299 [INFO] Engine:301 - compute dependency for SwPack X-CUBE-BLE2 have been done, and update is requested
2022-11-07 01:53:22,367 [INFO] Engine:301 - compute dependency for SwPack X-CUBE-BLEMGR have been done, and update is requested
2022-11-07 01:53:22,404 [ERROR] DependencyParser:1297 - StateRcvOpen_Cte Bad Token : )
2022-11-07 01:53:22,404 [ERROR] DependencyParser:1297 - StateRcvOpen_Cte Bad Token : )
2022-11-07 01:53:22,404 [ERROR] DependencyParser:1297 - StateRcvOpen_Cte Bad Token : )
2022-11-07 01:53:22,405 [ERROR] DependencyParser:1297 - StateRcvOpen_Cte Bad Token : )
2022-11-07 01:53:22,405 [ERROR] DependencyParser:1297 - StateRcvOpen_Cte Bad Token : )
2022-11-07 01:53:22,405 [ERROR] DependencyParser:1297 - StateRcvOpen_Cte Bad Token : )
2022-11-07 01:53:22,405 [ERROR] DependencyParser:1297 - StateRcvOpen_Cte Bad Token : )
2022-11-07 01:53:22,405 [ERROR] DependencyParser:1297 - StateRcvOpen_Cte Bad Token : )
2022-11-07 01:53:22,406 [ERROR] DependencyParser:1297 - StateRcvOpen_Cte Bad Token : )
2022-11-07 01:53:22,406 [ERROR] DependencyParser:1297 - StateRcvOpen_Cte Bad Token : )
2022-11-07 01:53:22,406 [ERROR] DependencyParser:1297 - StateRcvOpen_Cte Bad Token : )
2022-11-07 01:53:22,406 [ERROR] DependencyParser:1297 - StateRcvOpen_Cte Bad Token : )
2022-11-07 01:53:22,406 [ERROR] DependencyParser:1297 - StateRcvOpen_Cte Bad Token : )
2022-11-07 01:53:22,406 [ERROR] DependencyParser:1297 - StateRcvOpen_Cte Bad Token : )
2022-11-07 01:53:22,407 [ERROR] DependencyParser:1297 - StateRcvOpen_Cte Bad Token : )
2022-11-07 01:53:22,407 [ERROR] DependencyParser:1297 - StateRcvOpen_Cte Bad Token : )
2022-11-07 01:53:22,407 [ERROR] DependencyParser:1297 - StateRcvOpen_Cte Bad Token : )
2022-11-07 01:53:22,407 [INFO] Engine:305 - compute dependency for SwPack X-CUBE-DISPLAY have been done, no update is requested
2022-11-07 01:53:22,427 [INFO] Engine:301 - compute dependency for SwPack X-CUBE-EEPRMA1 have been done, and update is requested
2022-11-07 01:53:22,533 [INFO] LoadUrlFilesThread:135 - End of LoadUrlFiles Thread
2022-11-07 01:53:22,575 [INFO] Engine:301 - compute dependency for SwPack X-CUBE-GNSS1 have been done, and update is requested
2022-11-07 01:53:22,647 [INFO] Engine:301 - compute dependency for SwPack X-CUBE-ISPU have been done, and update is requested
2022-11-07 01:53:22,862 [INFO] ServerAccessManage:348 - Download File mcusFeaturesAndDescription.json._tmp_
2022-11-07 01:53:23,461 [WARN] MainUpdater:1087 - Updater busy. Cannot search thirdparties
2022-11-07 01:53:25,037 [INFO] Engine:301 - compute dependency for SwPack X-CUBE-MEMS1 have been done, and update is requested
2022-11-07 01:53:25,089 [INFO] Engine:301 - compute dependency for SwPack X-CUBE-NFC4 have been done, and update is requested
2022-11-07 01:53:25,128 [INFO] Engine:301 - compute dependency for SwPack X-CUBE-NFC7 have been done, and update is requested
2022-11-07 01:53:25,176 [INFO] Engine:301 - compute dependency for SwPack X-CUBE-SFXS2LP1 have been done, and update is requested
2022-11-07 01:53:25,284 [INFO] Engine:301 - compute dependency for SwPack X-CUBE-SUBG2 have been done, and update is requested
2022-11-07 01:53:25,383 [INFO] Engine:301 - compute dependency for SwPack X-CUBE-TOF1 have been done, and update is requested
2022-11-07 01:53:25,405 [INFO] Engine:305 - compute dependency for SwPack X-CUBE-TOUCHGFX have been done, no update is requested
2022-11-07 01:53:25,413 [INFO] Engine:301 - compute dependency for SwPack X-CUBE-ALGOBUILD have been done, and update is requested
2022-11-07 01:53:25,438 [INFO] Engine:301 - compute dependency for SwPack X-CUBE-AZRTOS-H7 have been done, and update is requested
2022-11-07 01:53:25,463 [INFO] Engine:301 - compute dependency for SwPack X-CUBE-AZRTOS-F4 have been done, and update is requested
2022-11-07 01:53:25,489 [INFO] Engine:301 - compute dependency for SwPack X-CUBE-AZRTOS-F7 have been done, and update is requested
2022-11-07 01:53:25,519 [INFO] Engine:301 - compute dependency for SwPack X-CUBE-AZRTOS-L4 have been done, and update is requested
2022-11-07 01:53:25,539 [ERROR] DependencyParser:1297 - StateRcvOpen_Cte Bad Token : )
2022-11-07 01:53:25,539 [ERROR] DependencyParser:1297 - StateRcvOpen_Cte Bad Token : )
2022-11-07 01:53:25,541 [ERROR] DependencyParser:1297 - StateRcvOpen_Cte Bad Token : )
2022-11-07 01:53:25,542 [ERROR] DependencyParser:1297 - StateRcvOpen_Cte Bad Token : )
2022-11-07 01:53:25,542 [ERROR] DependencyParser:1297 - StateRcvOpen_Cte Bad Token : )
2022-11-07 01:53:25,543 [ERROR] DependencyParser:1297 - StateRcvOpen_Cte Bad Token : )
2022-11-07 01:53:25,543 [ERROR] DependencyParser:1297 - StateRcvOpen_Cte Bad Token : )
2022-11-07 01:53:25,543 [ERROR] DependencyParser:1297 - StateRcvOpen_Cte Bad Token : )
2022-11-07 01:53:25,543 [ERROR] DependencyParser:1297 - StateRcvOpen_Cte Bad Token : )
2022-11-07 01:53:25,545 [ERROR] DependencyParser:1297 - StateRcvOpen_Cte Bad Token : )
2022-11-07 01:53:25,545 [ERROR] DependencyParser:1297 - StateRcvOpen_Cte Bad Token : )
2022-11-07 01:53:25,546 [ERROR] DependencyParser:1297 - StateRcvOpen_Cte Bad Token : )
2022-11-07 01:53:25,547 [ERROR] DependencyParser:1297 - StateRcvOpen_Cte Bad Token : )
2022-11-07 01:53:25,548 [ERROR] DependencyParser:1297 - StateRcvOpen_Cte Bad Token : )
2022-11-07 01:53:25,548 [ERROR] DependencyParser:1297 - StateRcvOpen_Cte Bad Token : )
2022-11-07 01:53:25,548 [ERROR] DependencyParser:1297 - StateRcvOpen_Cte Bad Token : )
2022-11-07 01:53:25,549 [ERROR] DependencyParser:1297 - StateRcvOpen_Cte Bad Token : )
2022-11-07 01:53:25,549 [ERROR] DependencyParser:1297 - StateRcvOpen_Cte Bad Token : )
2022-11-07 01:53:25,549 [ERROR] DependencyParser:1297 - StateRcvOpen_Cte Bad Token : )
2022-11-07 01:53:25,550 [ERROR] DependencyParser:1297 - StateRcvOpen_Cte Bad Token : )
2022-11-07 01:53:25,550 [ERROR] DependencyParser:1297 - StateRcvOpen_Cte Bad Token : )
2022-11-07 01:53:25,550 [ERROR] DependencyParser:1297 - StateRcvOpen_Cte Bad Token : )
2022-11-07 01:53:25,550 [ERROR] DependencyParser:1297 - StateRcvOpen_Cte Bad Token : )
2022-11-07 01:53:25,550 [ERROR] DependencyParser:1297 - StateRcvOpen_Cte Bad Token : )
2022-11-07 01:53:25,550 [ERROR] DependencyParser:1297 - StateRcvOpen_Cte Bad Token : )
2022-11-07 01:53:25,551 [ERROR] DependencyParser:1297 - StateRcvOpen_Cte Bad Token : )
2022-11-07 01:53:25,551 [ERROR] DependencyParser:1297 - StateRcvOpen_Cte Bad Token : )
2022-11-07 01:53:25,551 [ERROR] DependencyParser:1297 - StateRcvOpen_Cte Bad Token : )
2022-11-07 01:53:25,551 [ERROR] DependencyParser:1297 - StateRcvOpen_Cte Bad Token : )
2022-11-07 01:53:25,551 [ERROR] DependencyParser:1297 - StateRcvOpen_Cte Bad Token : )
2022-11-07 01:53:25,551 [ERROR] DependencyParser:1297 - StateRcvOpen_Cte Bad Token : )
2022-11-07 01:53:25,552 [ERROR] DependencyParser:1297 - StateRcvOpen_Cte Bad Token : )
2022-11-07 01:53:25,552 [ERROR] DependencyParser:1297 - StateRcvOpen_Cte Bad Token : )
2022-11-07 01:53:25,552 [ERROR] DependencyParser:1297 - StateRcvOpen_Cte Bad Token : )
2022-11-07 01:53:25,553 [ERROR] DependencyParser:1297 - StateRcvOpen_Cte Bad Token : )
2022-11-07 01:53:25,553 [ERROR] DependencyParser:1297 - StateRcvOpen_Cte Bad Token : )
2022-11-07 01:53:25,553 [ERROR] DependencyParser:1297 - StateRcvOpen_Cte Bad Token : )
2022-11-07 01:53:25,553 [ERROR] DependencyParser:1297 - StateRcvOpen_Cte Bad Token : )
2022-11-07 01:53:25,553 [ERROR] DependencyParser:1297 - StateRcvOpen_Cte Bad Token : )
2022-11-07 01:53:25,554 [ERROR] DependencyParser:1297 - StateRcvOpen_Cte Bad Token : )
2022-11-07 01:53:25,554 [ERROR] DependencyParser:1297 - StateRcvOpen_Cte Bad Token : )
2022-11-07 01:53:25,554 [ERROR] DependencyParser:1297 - StateRcvOpen_Cte Bad Token : )
2022-11-07 01:53:25,554 [ERROR] DependencyParser:1297 - StateRcvOpen_Cte Bad Token : )
2022-11-07 01:53:25,555 [ERROR] DependencyParser:1297 - StateRcvOpen_Cte Bad Token : )
2022-11-07 01:53:25,555 [ERROR] DependencyParser:1297 - StateRcvOpen_Cte Bad Token : )
2022-11-07 01:53:25,555 [ERROR] DependencyParser:1297 - StateRcvOpen_Cte Bad Token : )
2022-11-07 01:53:25,555 [INFO] Engine:305 - compute dependency for SwPack X-CUBE-AZRTOS-L5 have been done, no update is requested
2022-11-07 01:53:25,575 [INFO] Engine:301 - compute dependency for SwPack X-CUBE-AZRTOS-G0 have been done, and update is requested
2022-11-07 01:53:25,596 [INFO] Engine:301 - compute dependency for SwPack X-CUBE-AZRTOS-G4 have been done, and update is requested
2022-11-07 01:53:25,620 [INFO] Engine:301 - compute dependency for SwPack X-CUBE-AZRTOS-WL have been done, and update is requested
2022-11-07 01:53:25,639 [INFO] Engine:301 - compute dependency for SwPack I-CUBE-wolfSSL have been done, and update is requested
2022-11-07 01:53:25,658 [INFO] Engine:305 - compute dependency for SwPack I-CUBE-UNISONRTOS have been done, no update is requested
2022-11-07 01:53:26,162 [INFO] Engine:301 - compute dependency for SwPack I-CUBE-embOS have been done, and update is requested
2022-11-07 01:53:26,183 [INFO] Engine:301 - compute dependency for SwPack I-Cube-SoM-uGOAL have been done, and update is requested
2022-11-07 01:53:26,201 [INFO] Engine:301 - compute dependency for SwPack I-CUBE-CANOPEN have been done, and update is requested
2022-11-07 01:53:26,236 [INFO] Engine:301 - compute dependency for SwPack FP-ATR-ASTRA1 have been done, and update is requested
2022-11-07 01:53:26,272 [INFO] Engine:301 - compute dependency for SwPack FP-ATR-SIGFOX1 have been done, and update is requested
2022-11-07 01:53:26,325 [INFO] Engine:301 - compute dependency for SwPack X-CUBE-BLEMGR have been done, and update is requested
2022-11-07 01:53:26,443 [INFO] Engine:301 - compute dependency for SwPack X-CUBE-TOF1 have been done, and update is requested
2022-11-07 01:53:26,473 [WARN] MainUpdater:1087 - Updater busy. Cannot search thirdparties
2022-11-07 01:53:26,487 [INFO] Engine:301 - compute dependency for SwPack X-CUBE-AI have been done, and update is requested
2022-11-07 01:53:26,529 [INFO] Engine:301 - compute dependency for SwPack X-CUBE-ISPU have been done, and update is requested
2022-11-07 01:53:26,568 [INFO] ThirdPartyDb:299 - Save Third Party DataBase File (C:/Users/Mohamed/.stm32cubemx/plugins/thirdparty/db/thirdparties_db.xml) [forced]
2022-11-07 01:53:26,618 [INFO] LoadServerUpdatesThread:309 - End of LoadServerUpdate Thread
2022-11-07 01:53:28,701 [INFO] LoadUrlFilesThread:135 - End of LoadUrlFiles Thread
2022-11-07 01:53:28,864 [INFO] ServerAccessManage:348 - Download File boardsDocs.json._tmp_
2022-11-07 01:53:28,910 [INFO] LoadUrlFilesThread:135 - End of LoadUrlFiles Thread
2022-11-07 01:53:29,100 [INFO] ServerAccessManage:348 - Download File boards.json._tmp_
2022-11-07 01:53:29,455 [INFO] LoadUrlFilesThread:135 - End of LoadUrlFiles Thread
2022-11-07 01:53:29,488 [WARN] MainUpdater:1087 - Updater busy. Cannot search thirdparties
2022-11-07 01:53:29,921 [INFO] ServerAccessManage:348 - Download File cube-finder-db.zip
2022-11-07 01:53:32,500 [WARN] MainUpdater:1087 - Updater busy. Cannot search thirdparties
2022-11-07 01:53:35,543 [WARN] MainUpdater:1087 - Updater busy. Cannot search thirdparties
2022-11-07 01:53:38,555 [WARN] MainUpdater:1087 - Updater busy. Cannot search thirdparties
2022-11-07 01:53:41,600 [WARN] MainUpdater:1087 - Updater busy. Cannot search thirdparties
2022-11-07 01:53:44,622 [WARN] MainUpdater:1087 - Updater busy. Cannot search thirdparties
2022-11-07 01:53:47,638 [WARN] MainUpdater:1087 - Updater busy. Cannot search thirdparties
2022-11-07 01:53:50,644 [WARN] MainUpdater:1087 - Updater busy. Cannot search thirdparties
2022-11-07 01:53:51,912 [INFO] FileExtend:225 - Unzip File : cube-finder-db.zip
2022-11-07 01:53:51,918 [INFO] FileExtend:240 - Standard Zip Deflate
2022-11-07 01:53:53,658 [WARN] MainUpdater:1087 - Updater busy. Cannot search thirdparties
2022-11-07 01:53:54,129 [INFO] LoadUrlFilesThread:135 - End of LoadUrlFiles Thread
2022-11-07 01:53:55,728 [INFO] ServerAccessManage:348 - Download File crdb.zip
2022-11-07 01:53:56,666 [WARN] MainUpdater:1087 - Updater busy. Cannot search thirdparties
2022-11-07 01:53:59,671 [ERROR] IntegrityCheckThread:67 - Unexpected exception IntegrityCheckThread Thread:
2022-11-07 01:53:59,673 [ERROR] IntegrityCheckThread:70 - java.lang.Exception: Updater error
	at com.st.microxplorer.plugins.thirdparty.engine.IntegrityCheckThread.getUpdaterThirdPartyList(IntegrityCheckThread.java:296)
	at com.st.microxplorer.plugins.thirdparty.engine.IntegrityCheckThread.runProcess(IntegrityCheckThread.java:84)
	at com.st.microxplorer.plugins.thirdparty.engine.IntegrityCheckThread.run(IntegrityCheckThread.java:65)

2022-11-07 01:53:59,674 [INFO] ThirdPartyDb:299 - Save Third Party DataBase File (C:/Users/Mohamed/.stm32cubemx/plugins/thirdparty/db/thirdparties_db.xml) [forced]
2022-11-07 01:53:59,741 [INFO] IntegrityCheckThread:76 - exiting critical section [integrity check]
2022-11-07 01:53:59,742 [INFO] IntegrityCheckThread:79 - End integrity checks thread
2022-11-07 01:53:59,935 [INFO] FileExtend:225 - Unzip File : crdb.zip
2022-11-07 01:53:59,941 [INFO] FileExtend:240 - Standard Zip Deflate
2022-11-07 01:54:00,013 [INFO] LoadUrlFilesThread:135 - End of LoadUrlFiles Thread
2022-11-07 01:54:00,346 [INFO] ServerAccessManage:348 - Download File tutoVideoDB.zip
2022-11-07 01:54:00,455 [INFO] FileExtend:225 - Unzip File : tutoVideoDB.zip
2022-11-07 01:54:00,459 [INFO] FileExtend:240 - Standard Zip Deflate
2022-11-07 01:54:00,490 [INFO] LoadUrlFilesThread:135 - End of LoadUrlFiles Thread
2022-11-07 01:54:00,577 [INFO] DbMcusDocs:145 - JSON generation date=Tue Nov 16 18:17:54 EET 2021 (1637079474)
2022-11-07 01:54:00,583 [INFO] DbMcusXml:100 - Load MCU database from C:\ST\STM32CubeIDE_1.4.0\STM32CubeIDE\plugins\com.st.stm32cube.common.mx_6.0.0.202007160824\\db\/mcu/families.xml
2022-11-07 01:54:04,306 [INFO] DbMcusJson:92 - JSON generation date=Tue Nov 16 18:17:54 EET 2021 (1637079474)
2022-11-07 01:54:07,449 [INFO] DbMcus:175 - Found 1761 MCUs (1722 are supported by CubeMX, 1911 are visible in CubeMX)
2022-11-07 01:54:07,454 [INFO] ApiDb:201 - Load user favorites file C:\Users\Mohamed/.stm32cubemx/favorites.mcus.txt: 0 item(s)
2022-11-07 01:54:07,454 [INFO] ApiDb:205 - User favorites MCUs=[]
2022-11-07 01:54:07,454 [INFO] DbMcus:187 - Set 0 / 0 favorites MCUs
2022-11-07 01:54:08,807 [INFO] DbMcusDocs:81 - Found 682 MCUs documents
2022-11-07 01:54:08,811 [INFO] ApiDb:226 - Save user favorites file C:\Users\Mohamed/.stm32cubemx/favorites.mcus.txt: 0 item(s)
2022-11-07 01:54:08,812 [INFO] ApiDb:230 - User favorites MCUs=[]
2022-11-07 01:54:08,812 [INFO] DbMcusXml:100 - Load MCU database from C:\ST\STM32CubeIDE_1.4.0\STM32CubeIDE\plugins\com.st.stm32cube.common.mx_6.0.0.202007160824\\db\/mcu/families.xml
2022-11-07 01:54:11,497 [INFO] DbMcusJson:92 - JSON generation date=Tue Nov 16 18:17:54 EET 2021 (1637079474)
2022-11-07 01:54:13,573 [INFO] DbMcus:175 - Found 1761 MCUs (1722 are supported by CubeMX, 1911 are visible in CubeMX)
2022-11-07 01:54:13,581 [INFO] ApiDb:201 - Load user favorites file C:\Users\Mohamed/.stm32cubemx/favorites.mcus.txt: 0 item(s)
2022-11-07 01:54:13,582 [INFO] ApiDb:205 - User favorites MCUs=[]
2022-11-07 01:54:13,582 [INFO] DbMcus:187 - Set 0 / 0 favorites MCUs
2022-11-07 01:54:13,603 [INFO] DbBoardsDocs:145 - JSON generation date=Tue Nov 16 18:17:54 EET 2021 (1637079474)
2022-11-07 01:54:13,649 [INFO] DbBoardsPdsc:94 - Found 23 items
2022-11-07 01:54:13,672 [INFO] DbBoardsPdsc:94 - Found 9 items
2022-11-07 01:54:13,723 [INFO] DbBoardsPdsc:94 - Found 29 items
2022-11-07 01:54:13,753 [INFO] DbBoardsPdsc:94 - Found 1 items
2022-11-07 01:54:13,799 [INFO] DbBoardsPdsc:94 - Found 44 items
2022-11-07 01:54:13,917 [INFO] DbBoardsPdsc:94 - Found 40 items
2022-11-07 01:54:13,939 [INFO] DbBoardsPdsc:94 - Found 2 items
2022-11-07 01:54:13,964 [INFO] DbBoardsPdsc:94 - Found 4 items
2022-11-07 01:54:13,982 [WARN] DbBoardsPdsc:258 - Board STM32H7B3I-DK: unknown feature type=Audio, name=, username=Audio stereo codec with Headphone Amp (CS42L51-CNZ), n=1
2022-11-07 01:54:13,983 [WARN] DbBoardsPdsc:258 - Board STM32H735G-DK: unknown feature type=Audio, name=, username=Audio stereo codec with Headphone Amp (WM8994ECS/R), n=1
2022-11-07 01:54:13,987 [WARN] DbBoardsPdsc:258 - Board STM32H7B3I-EVAL: unknown feature type=Audio, name=, username=Multi-Channel Audio Codec (CS42L51-CNZ), n=1
2022-11-07 01:54:13,987 [WARN] DbBoardsPdsc:258 - Board STM32H7B3I-EVAL: unknown feature type=Meter, name=, username=Power-metering and Temperature-monitoring with sigma-delta modulators, n=1
2022-11-07 01:54:13,988 [WARN] DbBoardsPdsc:258 - Board STM32H7B3I-EVAL: unknown feature type=Motor, name=, username=Motor Control, n=1
2022-11-07 01:54:14,031 [INFO] DbBoardsJson:85 - JSON generation date=Tue Nov 16 18:17:54 EET 2021 (1637079474)
2022-11-07 01:54:14,053 [INFO] DbBoards:117 - Found 166 boards (149 are supported by CubeMX)
2022-11-07 01:54:14,058 [INFO] DbBoardsDocs:145 - JSON generation date=Tue Nov 16 18:17:54 EET 2021 (1637079474)
2022-11-07 01:54:14,074 [INFO] DbBoardsDocs:81 - Found 209 boards documents
2022-11-07 01:54:14,080 [WARN] DbBoards:127 - board B-L475E-IOT01A2 has no document id list !
2022-11-07 01:54:14,086 [WARN] DbBoards:127 - board NUCLEO-H743ZI has no document id list !
2022-11-07 01:54:14,097 [WARN] DbBoards:127 - board P-NUCLEO-WB55-Nucleo has no document id list !
2022-11-07 01:54:14,097 [WARN] DbBoards:127 - board P-NUCLEO-WB55-USBDongle has no document id list !
2022-11-07 01:54:14,097 [WARN] DbBoards:127 - board STEVAL-BFA001V1B has no document id list !
2022-11-07 01:54:14,097 [WARN] DbBoards:127 - board STEVAL-BFA001V2B has no document id list !
2022-11-07 01:54:14,098 [WARN] DbBoards:127 - board STEVAL-IDP005V1 has no document id list !
2022-11-07 01:54:14,098 [WARN] DbBoards:127 - board STEVAL-IDP005V2 has no document id list !
2022-11-07 01:54:14,098 [WARN] DbBoards:127 - board STEVAL-MKSBOX1V1 has no document id list !
2022-11-07 01:54:14,098 [WARN] DbBoards:127 - board STEVAL-STWINKT1 has no document id list !
2022-11-07 01:54:14,099 [WARN] DbBoards:127 - board STEVAL-STWINKT1B has no document id list !
2022-11-07 01:54:14,099 [WARN] DbBoards:127 - board STM32439I-EVAL2 has no document id list !
2022-11-07 01:54:14,100 [WARN] DbBoards:127 - board STM32F401C-DISCO has no document id list !
2022-11-07 01:54:14,102 [WARN] DbBoards:127 - board STM32F769I-DISC1 has no document id list !
2022-11-07 01:54:14,104 [WARN] DbBoards:127 - board STM32G474E-EVAL1 has no document id list !
2022-11-07 01:54:14,113 [WARN] DbBoards:127 - board STM32H743I-EVAL2 has no document id list !
2022-11-07 01:54:14,114 [WARN] DbBoards:127 - board STM32H747I-DISC1 has no document id list !
2022-11-07 01:54:14,118 [WARN] DbBoards:127 - board STM32H753I-EVAL2 has no document id list !
2022-11-07 01:54:14,120 [WARN] DbBoards:127 - board STM32L-DISCOVERY has no document id list !
2022-11-07 01:54:14,617 [ERROR] DbBoards:189 - Image file not found for board B-L462E-CELL1: C:\ST\STM32CubeIDE_1.4.0\STM32CubeIDE\plugins\com.st.stm32cube.common.mx_6.0.0.202007160824\\db\/plugins/mcufinder/images/boards/B-L462E-CELL1_small.jpg
2022-11-07 01:54:14,729 [ERROR] DbBoards:189 - Image file not found for board B-U585I-IOT02A: C:\ST\STM32CubeIDE_1.4.0\STM32CubeIDE\plugins\com.st.stm32cube.common.mx_6.0.0.202007160824\\db\/plugins/mcufinder/images/boards/B-U585I-IOT02A_small.jpg
2022-11-07 01:54:15,062 [ERROR] DbBoards:189 - Image file not found for board NUCLEO-F413ZH: C:\ST\STM32CubeIDE_1.4.0\STM32CubeIDE\plugins\com.st.stm32cube.common.mx_6.0.0.202007160824\\db\/plugins/mcufinder/images/boards/nucleo-f413zh_small.jpg
2022-11-07 01:54:15,523 [ERROR] DbBoards:189 - Image file not found for board NUCLEO-L552ZE-Q: C:\ST\STM32CubeIDE_1.4.0\STM32CubeIDE\plugins\com.st.stm32cube.common.mx_6.0.0.202007160824\\db\/plugins/mcufinder/images/boards/nucleo_l552ze_q_small.jpg
2022-11-07 01:54:15,523 [ERROR] DbBoards:189 - Image file not found for board NUCLEO-U575ZI-Q: C:\ST\STM32CubeIDE_1.4.0\STM32CubeIDE\plugins\com.st.stm32cube.common.mx_6.0.0.202007160824\\db\/plugins/mcufinder/images/boards/nucleo-u575zi-q_small.jpg
2022-11-07 01:54:15,524 [ERROR] DbBoards:189 - Image file not found for board NUCLEO-WB15CC: C:\ST\STM32CubeIDE_1.4.0\STM32CubeIDE\plugins\com.st.stm32cube.common.mx_6.0.0.202007160824\\db\/plugins/mcufinder/images/boards/nucleo-wb15cc_small.jpg
2022-11-07 01:54:15,524 [ERROR] DbBoards:189 - Image file not found for board NUCLEO-WB55RG: C:\ST\STM32CubeIDE_1.4.0\STM32CubeIDE\plugins\com.st.stm32cube.common.mx_6.0.0.202007160824\\db\/plugins/mcufinder/images/boards/nucleo-wb55rg_small.jpg
2022-11-07 01:54:15,524 [ERROR] DbBoards:189 - Image file not found for board NUCLEO-WL55JC: C:\ST\STM32CubeIDE_1.4.0\STM32CubeIDE\plugins\com.st.stm32cube.common.mx_6.0.0.202007160824\\db\/plugins/mcufinder/images/boards/nucleo-wl55jc-small.jpg
2022-11-07 01:54:16,085 [ERROR] DbBoards:189 - Image file not found for board STEVAL-STWINKT1B: C:\ST\STM32CubeIDE_1.4.0\STM32CubeIDE\plugins\com.st.stm32cube.common.mx_6.0.0.202007160824\\db\/plugins/mcufinder/images/boards/steval-stwinkt1b_small.jpg
2022-11-07 01:54:16,572 [INFO] RetryExec:97 - I/O exception (org.apache.http.NoHttpResponseException) caught when processing request to {s}->https://download.eclipse.org:443: The target server failed to respond
2022-11-07 01:54:16,581 [INFO] RetryExec:113 - Retrying request to {s}->https://download.eclipse.org:443
2022-11-07 01:54:16,840 [ERROR] DbBoards:189 - Image file not found for board STM32G0C1E-EV: C:\ST\STM32CubeIDE_1.4.0\STM32CubeIDE\plugins\com.st.stm32cube.common.mx_6.0.0.202007160824\\db\/plugins/mcufinder/images/boards/stm32g0c1e-eval_small.jpg
2022-11-07 01:54:17,034 [ERROR] DbBoards:189 - Image file not found for board STM32H7B3I-EVAL: C:\ST\STM32CubeIDE_1.4.0\STM32CubeIDE\plugins\com.st.stm32cube.common.mx_6.0.0.202007160824\\db\/plugins/mcufinder/images/boards/stm32h7b3ieval_small.jpg
2022-11-07 01:54:17,368 [ERROR] DbBoards:189 - Image file not found for board STM32U575I-EV: C:\ST\STM32CubeIDE_1.4.0\STM32CubeIDE\plugins\com.st.stm32cube.common.mx_6.0.0.202007160824\\db\/plugins/mcufinder/images/boards/stm32u575i-ev_small.jpg
2022-11-07 01:54:17,432 [ERROR] DbBoards:189 - Image file not found for board STM32WB5MM-DK: C:\ST\STM32CubeIDE_1.4.0\STM32CubeIDE\plugins\com.st.stm32cube.common.mx_6.0.0.202007160824\\db\/plugins/mcufinder/images/boards/STM32WB5MM-DK_small.jpg
2022-11-07 01:54:17,433 [INFO] ApiDb:201 - Load user favorites file C:\Users\Mohamed/.stm32cubemx/favorites.boards.txt: 0 item(s)
2022-11-07 01:54:17,433 [INFO] ApiDb:205 - User favorites Boards=[]
2022-11-07 01:54:17,433 [INFO] DbBoards:206 - Set 0 / 0 favorites Boards
2022-11-07 01:54:17,436 [INFO] DbBoardsDocs:81 - Found 418 boards documents
2022-11-07 01:54:17,439 [INFO] ApiDb:226 - Save user favorites file C:\Users\Mohamed/.stm32cubemx/favorites.boards.txt: 0 item(s)
2022-11-07 01:54:17,440 [INFO] ApiDb:230 - User favorites Boards=[]
2022-11-07 01:54:17,444 [INFO] DbBoardsPdsc:94 - Found 23 items
2022-11-07 01:54:17,446 [INFO] DbBoardsPdsc:94 - Found 9 items
2022-11-07 01:54:17,449 [INFO] DbBoardsPdsc:94 - Found 29 items
2022-11-07 01:54:17,450 [INFO] DbBoardsPdsc:94 - Found 1 items
2022-11-07 01:54:17,461 [INFO] RetryExec:97 - I/O exception (org.apache.http.NoHttpResponseException) caught when processing request to {s}->https://archive.eclipse.org:443: The target server failed to respond
2022-11-07 01:54:17,461 [INFO] DbBoardsPdsc:94 - Found 44 items
2022-11-07 01:54:17,462 [INFO] RetryExec:113 - Retrying request to {s}->https://archive.eclipse.org:443
2022-11-07 01:54:17,473 [INFO] DbBoardsPdsc:94 - Found 40 items
2022-11-07 01:54:17,477 [INFO] DbBoardsPdsc:94 - Found 2 items
2022-11-07 01:54:17,479 [INFO] DbBoardsPdsc:94 - Found 4 items
2022-11-07 01:54:17,482 [WARN] DbBoardsPdsc:258 - Board STM32H7B3I-DK: unknown feature type=Audio, name=, username=Audio stereo codec with Headphone Amp (CS42L51-CNZ), n=1
2022-11-07 01:54:17,483 [WARN] DbBoardsPdsc:258 - Board STM32H735G-DK: unknown feature type=Audio, name=, username=Audio stereo codec with Headphone Amp (WM8994ECS/R), n=1
2022-11-07 01:54:17,485 [WARN] DbBoardsPdsc:258 - Board STM32H7B3I-EVAL: unknown feature type=Audio, name=, username=Multi-Channel Audio Codec (CS42L51-CNZ), n=1
2022-11-07 01:54:17,494 [WARN] DbBoardsPdsc:258 - Board STM32H7B3I-EVAL: unknown feature type=Meter, name=, username=Power-metering and Temperature-monitoring with sigma-delta modulators, n=1
2022-11-07 01:54:17,495 [WARN] DbBoardsPdsc:258 - Board STM32H7B3I-EVAL: unknown feature type=Motor, name=, username=Motor Control, n=1
2022-11-07 01:54:17,532 [INFO] DbBoardsJson:85 - JSON generation date=Tue Nov 16 18:17:54 EET 2021 (1637079474)
2022-11-07 01:54:17,549 [INFO] DbBoards:117 - Found 166 boards (149 are supported by CubeMX)
2022-11-07 01:54:17,550 [WARN] DbBoards:127 - board B-L475E-IOT01A2 has no document id list !
2022-11-07 01:54:17,551 [WARN] DbBoards:127 - board NUCLEO-H743ZI has no document id list !
2022-11-07 01:54:17,552 [WARN] DbBoards:127 - board P-NUCLEO-WB55-Nucleo has no document id list !
2022-11-07 01:54:17,557 [WARN] DbBoards:127 - board P-NUCLEO-WB55-USBDongle has no document id list !
2022-11-07 01:54:17,557 [WARN] DbBoards:127 - board STEVAL-BFA001V1B has no document id list !
2022-11-07 01:54:17,557 [WARN] DbBoards:127 - board STEVAL-BFA001V2B has no document id list !
2022-11-07 01:54:17,557 [WARN] DbBoards:127 - board STEVAL-IDP005V1 has no document id list !
2022-11-07 01:54:17,557 [WARN] DbBoards:127 - board STEVAL-IDP005V2 has no document id list !
2022-11-07 01:54:17,557 [WARN] DbBoards:127 - board STEVAL-MKSBOX1V1 has no document id list !
2022-11-07 01:54:17,558 [WARN] DbBoards:127 - board STEVAL-STWINKT1 has no document id list !
2022-11-07 01:54:17,558 [WARN] DbBoards:127 - board STEVAL-STWINKT1B has no document id list !
2022-11-07 01:54:17,558 [WARN] DbBoards:127 - board STM32439I-EVAL2 has no document id list !
2022-11-07 01:54:17,558 [WARN] DbBoards:127 - board STM32F401C-DISCO has no document id list !
2022-11-07 01:54:17,559 [WARN] DbBoards:127 - board STM32F769I-DISC1 has no document id list !
2022-11-07 01:54:17,559 [WARN] DbBoards:127 - board STM32G474E-EVAL1 has no document id list !
2022-11-07 01:54:17,559 [WARN] DbBoards:127 - board STM32H743I-EVAL2 has no document id list !
2022-11-07 01:54:17,560 [WARN] DbBoards:127 - board STM32H747I-DISC1 has no document id list !
2022-11-07 01:54:17,560 [WARN] DbBoards:127 - board STM32H753I-EVAL2 has no document id list !
2022-11-07 01:54:17,560 [WARN] DbBoards:127 - board STM32L-DISCOVERY has no document id list !
2022-11-07 01:54:17,615 [ERROR] DbBoards:189 - Image file not found for board B-L462E-CELL1: C:\ST\STM32CubeIDE_1.4.0\STM32CubeIDE\plugins\com.st.stm32cube.common.mx_6.0.0.202007160824\\db\/plugins/mcufinder/images/boards/B-L462E-CELL1_small.jpg
2022-11-07 01:54:17,661 [ERROR] DbBoards:189 - Image file not found for board B-U585I-IOT02A: C:\ST\STM32CubeIDE_1.4.0\STM32CubeIDE\plugins\com.st.stm32cube.common.mx_6.0.0.202007160824\\db\/plugins/mcufinder/images/boards/B-U585I-IOT02A_small.jpg
2022-11-07 01:54:17,760 [ERROR] DbBoards:189 - Image file not found for board NUCLEO-F413ZH: C:\ST\STM32CubeIDE_1.4.0\STM32CubeIDE\plugins\com.st.stm32cube.common.mx_6.0.0.202007160824\\db\/plugins/mcufinder/images/boards/nucleo-f413zh_small.jpg
2022-11-07 01:54:18,000 [ERROR] DbBoards:189 - Image file not found for board NUCLEO-L552ZE-Q: C:\ST\STM32CubeIDE_1.4.0\STM32CubeIDE\plugins\com.st.stm32cube.common.mx_6.0.0.202007160824\\db\/plugins/mcufinder/images/boards/nucleo_l552ze_q_small.jpg
2022-11-07 01:54:18,001 [ERROR] DbBoards:189 - Image file not found for board NUCLEO-U575ZI-Q: C:\ST\STM32CubeIDE_1.4.0\STM32CubeIDE\plugins\com.st.stm32cube.common.mx_6.0.0.202007160824\\db\/plugins/mcufinder/images/boards/nucleo-u575zi-q_small.jpg
2022-11-07 01:54:18,001 [ERROR] DbBoards:189 - Image file not found for board NUCLEO-WB15CC: C:\ST\STM32CubeIDE_1.4.0\STM32CubeIDE\plugins\com.st.stm32cube.common.mx_6.0.0.202007160824\\db\/plugins/mcufinder/images/boards/nucleo-wb15cc_small.jpg
2022-11-07 01:54:18,003 [ERROR] DbBoards:189 - Image file not found for board NUCLEO-WB55RG: C:\ST\STM32CubeIDE_1.4.0\STM32CubeIDE\plugins\com.st.stm32cube.common.mx_6.0.0.202007160824\\db\/plugins/mcufinder/images/boards/nucleo-wb55rg_small.jpg
2022-11-07 01:54:18,003 [ERROR] DbBoards:189 - Image file not found for board NUCLEO-WL55JC: C:\ST\STM32CubeIDE_1.4.0\STM32CubeIDE\plugins\com.st.stm32cube.common.mx_6.0.0.202007160824\\db\/plugins/mcufinder/images/boards/nucleo-wl55jc-small.jpg
2022-11-07 01:54:18,168 [ERROR] DbBoards:189 - Image file not found for board STEVAL-STWINKT1B: C:\ST\STM32CubeIDE_1.4.0\STM32CubeIDE\plugins\com.st.stm32cube.common.mx_6.0.0.202007160824\\db\/plugins/mcufinder/images/boards/steval-stwinkt1b_small.jpg
2022-11-07 01:54:18,343 [INFO] RetryExec:97 - I/O exception (org.apache.http.NoHttpResponseException) caught when processing request to {s}->https://download.eclipse.org:443: The target server failed to respond
2022-11-07 01:54:18,344 [INFO] RetryExec:113 - Retrying request to {s}->https://download.eclipse.org:443
2022-11-07 01:54:18,528 [ERROR] DbBoards:189 - Image file not found for board STM32G0C1E-EV: C:\ST\STM32CubeIDE_1.4.0\STM32CubeIDE\plugins\com.st.stm32cube.common.mx_6.0.0.202007160824\\db\/plugins/mcufinder/images/boards/stm32g0c1e-eval_small.jpg
2022-11-07 01:54:18,639 [ERROR] DbBoards:189 - Image file not found for board STM32H7B3I-EVAL: C:\ST\STM32CubeIDE_1.4.0\STM32CubeIDE\plugins\com.st.stm32cube.common.mx_6.0.0.202007160824\\db\/plugins/mcufinder/images/boards/stm32h7b3ieval_small.jpg
2022-11-07 01:54:18,866 [ERROR] DbBoards:189 - Image file not found for board STM32U575I-EV: C:\ST\STM32CubeIDE_1.4.0\STM32CubeIDE\plugins\com.st.stm32cube.common.mx_6.0.0.202007160824\\db\/plugins/mcufinder/images/boards/stm32u575i-ev_small.jpg
2022-11-07 01:54:18,894 [ERROR] DbBoards:189 - Image file not found for board STM32WB5MM-DK: C:\ST\STM32CubeIDE_1.4.0\STM32CubeIDE\plugins\com.st.stm32cube.common.mx_6.0.0.202007160824\\db\/plugins/mcufinder/images/boards/STM32WB5MM-DK_small.jpg
2022-11-07 01:54:18,895 [INFO] ApiDb:201 - Load user favorites file C:\Users\Mohamed/.stm32cubemx/favorites.boards.txt: 0 item(s)
2022-11-07 01:54:18,895 [INFO] ApiDb:205 - User favorites Boards=[]
2022-11-07 01:54:18,896 [INFO] DbBoards:206 - Set 0 / 0 favorites Boards
2022-11-07 01:54:19,217 [INFO] DbExamplesSqlite:156 - SQLite db open (C:\Users\Mohamed\.stmcufinder\plugins\mcufinder\mcu\cube-finder-db.db)
2022-11-07 01:54:21,573 [INFO] DbExamplesSqlite:447 - Ignored 0 examples not supported by CubeIDE
2022-11-07 01:54:21,573 [INFO] DbExamplesSqlite:448 - Found 6197 examples active
2022-11-07 01:54:21,574 [INFO] DbExamplesSqlite:449 - Found 89 examples obsolete
2022-11-07 01:54:21,574 [INFO] DbExamplesSqlite:450 - Found 0 examples under development
2022-11-07 01:54:21,574 [INFO] DbExamplesSqlite:451 - Found 76 examples not building
2022-11-07 01:54:21,750 [INFO] DbExamplesSqlite:130 - SQLite Data Model version=2.1
2022-11-07 01:54:21,750 [INFO] DbExamplesSqlite:131 - SQLite Configuration version=3.0.32
2022-11-07 01:54:21,751 [INFO] DbExamplesSqlite:132 - SQLite generation date=2022-08-05 (1659688109)
2022-11-07 01:54:21,751 [INFO] DbExamplesSqlite:133 - SQLite FW Pack versions=[STM32Cube_FW_C0_V1.0.0, STM32Cube_FW_F4_V1.27.1, STM32Cube_FW_F7_V1.17.0, STM32Cube_FW_G0_V1.6.1, STM32Cube_FW_G4_V1.5.0, STM32Cube_FW_H7_V1.10.0, STM32Cube_FW_L5_V1.4.0, STM32Cube_FW_U5_V1.1.1, STM32Cube_FW_WB_V1.14.1, STM32Cube_FW_WL_V1.2.0, X-CUBE-ALGOBUILD_V1.3.0, X-CUBE-ALS_V1.0.1, X-CUBE-AZRTOS-F4_V1.1.0, X-CUBE-AZRTOS-F7_V1.1.0, X-CUBE-AZRTOS-G0_V1.1.0, X-CUBE-AZRTOS-G4_V1.0.0, X-CUBE-AZRTOS-H7_V2.1.0, X-CUBE-AZRTOS-L4_V1.0.0, X-CUBE-AZRTOS-L5_V1.0.0, X-CUBE-AZRTOS-WL_V1.0.0, X-CUBE-BLE1_V6.2.3, X-CUBE-BLE2_V3.3.0, X-CUBE-EEPRMA1_V3.1.1, X-CUBE-GNSS1_V6.0.0, X-CUBE-MEMS1_V9.1.0, X-CUBE-MEMS1_V9.3.0, X-CUBE-NFC4_V2.0.4, X-CUBE-NFC7_V1.0.0, X-CUBE-SFXS2LP1_V4.0.0, X-CUBE-SUBG2_V5.0.0]
2022-11-07 01:54:21,756 [INFO] DbExamples:123 - Found 6273 examples
2022-11-07 01:54:24,462 [ERROR] DbExamples:199 - Found 6273 examples with invalid data (board or MCU)
2022-11-07 01:54:24,462 [INFO] DbExamples:215 - Found 72 boards with related examples
2022-11-07 01:54:24,463 [INFO] DbExamples:228 - Found 0 MCUs with related examples
2022-11-07 01:54:24,509 [INFO] ApiDb:192 - User favorites file not found: C:\Users\Mohamed/.stm32cubemx/favorites.examples.txt
2022-11-07 01:54:24,510 [INFO] DbExamples:249 - Set 0 / 0 favorites Examples
2022-11-07 01:54:25,644 [INFO] McuFinderGlobals:40 - Set McuFinder mode to 2 (CubeIDE integrated)
2022-11-07 01:54:26,185 [INFO] CrossSelectorPresenter:1330 - Cross Selector saved comparison directory: C:\Users\Mohamed\.stmcufinder\plugins\mcufinder\mcu\cs_comparisons_mx
2022-11-07 01:54:26,196 [INFO] MultiScanPanel:193 - Auto-refresh data requested => check proxy status ongoing
2022-11-07 01:54:26,200 [INFO] FinderPluginLoader:87 - Searching for filters in installed packs
2022-11-07 01:54:27,757 [INFO] LoadUrlFilesThread:162 - End of LoadServerUrlFiles without Thread
2022-11-07 01:54:27,842 [INFO] DetailPanel:331 - Set advertising image to C:/Users/Mohamed/STM32Cube/Repository/\stm32cubemx-promo_image.jpg
2022-11-07 01:54:29,861 [INFO] McuFilterPanel:245 - Update 0 favorites MCUs
2022-11-07 01:55:32,357 [INFO] LogOutputStream:76 - [STDOUT_REDIRECT] withoutVersionV1.8.4
2022-11-07 01:55:32,358 [INFO] LogOutputStream:76 - [STDOUT_REDIRECT] withoutVersionV1.8.3
2022-11-07 01:55:32,358 [INFO] LogOutputStream:76 - [STDOUT_REDIRECT] withoutVersionV1.8.2
2022-11-07 01:55:32,359 [INFO] LogOutputStream:76 - [STDOUT_REDIRECT] withoutVersionV1.8.1
2022-11-07 01:55:32,359 [INFO] LogOutputStream:76 - [STDOUT_REDIRECT] withoutVersionV1.8.0
2022-11-07 01:55:45,718 [INFO] ApiDb:226 - Save user favorites file C:\Users\Mohamed/.stm32cubeide/favorites.mcus.txt: 0 item(s)
2022-11-07 01:55:45,719 [INFO] ApiDb:230 - User favorites MCUs=[]
2022-11-07 02:12:00,485 [INFO] MainUpdater:2268 - connection check result : 10
2022-11-07 02:12:00,595 [INFO] McuFinderGlobals:40 - Set McuFinder mode to 2 (CubeIDE integrated)
2022-11-07 02:12:00,735 [INFO] CrossSelectorPresenter:1330 - Cross Selector saved comparison directory: C:\Users\Mohamed\.stmcufinder\plugins\mcufinder\mcu\cs_comparisons_mx
2022-11-07 02:12:00,751 [INFO] MultiScanPanel:193 - Auto-refresh data requested => check proxy status ongoing
2022-11-07 02:12:00,751 [INFO] FinderPluginLoader:87 - Searching for filters in installed packs
2022-11-07 02:12:01,110 [INFO] LoadUrlFilesThread:162 - End of LoadServerUrlFiles without Thread
2022-11-07 02:12:01,110 [INFO] DetailPanel:331 - Set advertising image to C:/Users/Mohamed/STM32Cube/Repository/\stm32cubemx-promo_image.jpg
2022-11-07 02:12:01,532 [INFO] McuFilterPanel:245 - Update 0 favorites MCUs
2022-11-07 02:15:11,558 [INFO] LogOutputStream:76 - [STDOUT_REDIRECT] withoutVersionV1.8.4
2022-11-07 02:15:11,560 [INFO] LogOutputStream:76 - [STDOUT_REDIRECT] withoutVersionV1.8.3
2022-11-07 02:15:11,560 [INFO] LogOutputStream:76 - [STDOUT_REDIRECT] withoutVersionV1.8.2
2022-11-07 02:15:11,560 [INFO] LogOutputStream:76 - [STDOUT_REDIRECT] withoutVersionV1.8.1
2022-11-07 02:15:11,560 [INFO] LogOutputStream:76 - [STDOUT_REDIRECT] withoutVersionV1.8.0
2022-11-07 02:15:15,902 [INFO] ApiDb:226 - Save user favorites file C:\Users\Mohamed/.stm32cubeide/favorites.mcus.txt: 0 item(s)
2022-11-07 02:15:15,902 [INFO] ApiDb:230 - User favorites MCUs=[]
2022-11-07 14:04:43,354 [INFO] Activator:178 - 


2022-11-07 14:04:43,385 [INFO] Activator:179 - !SESSION log4j initialized
2022-11-07 14:05:40,221 [INFO] RetryExec:97 - I/O exception (org.apache.http.NoHttpResponseException) caught when processing request to {s}->https://download.eclipse.org:443: The target server failed to respond
2022-11-07 14:05:40,237 [INFO] RetryExec:113 - Retrying request to {s}->https://download.eclipse.org:443
2022-11-07 14:05:41,112 [INFO] RetryExec:97 - I/O exception (org.apache.http.NoHttpResponseException) caught when processing request to {s}->https://archive.eclipse.org:443: The target server failed to respond
2022-11-07 14:05:41,112 [INFO] RetryExec:113 - Retrying request to {s}->https://archive.eclipse.org:443
2022-11-07 14:05:42,112 [INFO] RetryExec:97 - I/O exception (org.apache.http.NoHttpResponseException) caught when processing request to {s}->https://download.eclipse.org:443: The target server failed to respond
2022-11-07 14:05:42,112 [INFO] RetryExec:113 - Retrying request to {s}->https://download.eclipse.org:443
2022-11-07 22:42:07,729 [INFO] Activator:178 - 


2022-11-07 22:42:07,772 [INFO] Activator:179 - !SESSION log4j initialized
2022-11-07 22:43:08,711 [INFO] RetryExec:97 - I/O exception (org.apache.http.NoHttpResponseException) caught when processing request to {s}->https://download.eclipse.org:443: The target server failed to respond
2022-11-07 22:43:08,713 [INFO] RetryExec:113 - Retrying request to {s}->https://download.eclipse.org:443
2022-11-07 22:43:09,567 [INFO] RetryExec:97 - I/O exception (org.apache.http.NoHttpResponseException) caught when processing request to {s}->https://archive.eclipse.org:443: The target server failed to respond
2022-11-07 22:43:09,568 [INFO] RetryExec:113 - Retrying request to {s}->https://archive.eclipse.org:443
2022-11-07 22:43:10,546 [INFO] RetryExec:97 - I/O exception (org.apache.http.NoHttpResponseException) caught when processing request to {s}->https://download.eclipse.org:443: The target server failed to respond
2022-11-07 22:43:10,546 [INFO] RetryExec:113 - Retrying request to {s}->https://download.eclipse.org:443
