2022-08-15 11:13:09,172 [INFO] Activator:178 - 


2022-08-15 11:13:09,177 [INFO] Activator:179 - !SESSION log4j initialized
2022-08-15 11:13:18,578 [INFO] ApplicationProperties:181 - Using Application install path: C:\ST\STM32CubeIDE_1.4.0\STM32CubeIDE\plugins\com.st.stm32cube.common.mx_6.0.0.202007160824
2022-08-15 11:13:18,596 [INFO] DbMcusXml:70 - Set database path to: C:\ST\STM32CubeIDE_1.4.0\STM32CubeIDE\plugins\com.st.stm32cube.common.mx_6.0.0.202007160824\\db\/mcu/
2022-08-15 11:13:18,598 [INFO] DbBoardsPdsc:56 - Set plugin database path to: C:\ST\STM32CubeIDE_1.4.0\STM32CubeIDE\plugins\com.st.stm32cube.common.mx_6.0.0.202007160824\\db\/plugins/boardmanager/
2022-08-15 11:13:18,598 [INFO] DbMcus:258 - Set plugin images path to: C:\ST\STM32CubeIDE_1.4.0\STM32CubeIDE\plugins\com.st.stm32cube.common.mx_6.0.0.202007160824\\db\/plugins/mcufinder/images/
2022-08-15 11:13:18,598 [INFO] DbBoards:264 - Set plugin images path to: C:\ST\STM32CubeIDE_1.4.0\STM32CubeIDE\plugins\com.st.stm32cube.common.mx_6.0.0.202007160824\\db\/plugins/mcufinder/images/
2022-08-15 11:13:18,603 [INFO] DbExamples:326 - Set plugin images path to: C:\ST\STM32CubeIDE_1.4.0\STM32CubeIDE\plugins\com.st.stm32cube.common.mx_6.0.0.202007160824\\db\/plugins/mcufinder/images/
2022-08-15 11:13:18,610 [INFO] DbMcusDocs:112 - Set database path to: C:\Users\Mohamed\.stmcufinder\plugins\mcufinder//mcu/
2022-08-15 11:13:18,610 [INFO] DbMcusJson:63 - Set database path to: C:\Users\Mohamed\.stmcufinder\plugins\mcufinder//mcu/
2022-08-15 11:13:18,616 [INFO] DbBoardsDocs:112 - Set database path to: C:\Users\Mohamed\.stmcufinder\plugins\mcufinder//mcu/
2022-08-15 11:13:18,616 [INFO] DbBoardsJson:56 - Set database path to: C:\Users\Mohamed\.stmcufinder\plugins\mcufinder//mcu/
2022-08-15 11:13:18,620 [INFO] CrossReferenceDbSqlite:196 - Set database path to: C:\Users\Mohamed\.stmcufinder\plugins\mcufinder//mcu/cs/
2022-08-15 11:13:18,620 [INFO] DbExamplesSqlite:800 - Set database path to: C:\Users\Mohamed\.stmcufinder\plugins\mcufinder//mcu/
2022-08-15 11:13:18,787 [INFO] RulesReader:52 - Compatibility file has been processed (209 Rules)
2022-08-15 11:13:18,972 [INFO] MicroXplorer:564 - Detected Java Version = 1.8.0_252
2022-08-15 11:13:18,972 [INFO] DbMcusXml:70 - Set database path to: C:\ST\STM32CubeIDE_1.4.0\STM32CubeIDE\plugins\com.st.stm32cube.common.mx_6.0.0.202007160824\\db\/mcu/
2022-08-15 11:13:19,027 [INFO] DbBoardsPdsc:56 - Set plugin database path to: C:\ST\STM32CubeIDE_1.4.0\STM32CubeIDE\plugins\com.st.stm32cube.common.mx_6.0.0.202007160824\\db\/plugins/boardmanager/
2022-08-15 11:13:19,032 [INFO] DbMcus:258 - Set plugin images path to: C:\ST\STM32CubeIDE_1.4.0\STM32CubeIDE\plugins\com.st.stm32cube.common.mx_6.0.0.202007160824\\db\/plugins/mcufinder/images/
2022-08-15 11:13:19,037 [INFO] DbBoards:264 - Set plugin images path to: C:\ST\STM32CubeIDE_1.4.0\STM32CubeIDE\plugins\com.st.stm32cube.common.mx_6.0.0.202007160824\\db\/plugins/mcufinder/images/
2022-08-15 11:13:19,037 [INFO] DbExamples:326 - Set plugin images path to: C:\ST\STM32CubeIDE_1.4.0\STM32CubeIDE\plugins\com.st.stm32cube.common.mx_6.0.0.202007160824\\db\/plugins/mcufinder/images/
2022-08-15 11:13:19,037 [WARN] DbFile:36 - Overriding database path with different value: C:\Users\Mohamed\.stmcufinder\plugins\mcufinder/ => C:\Users\Mohamed\.stmcufinder\plugins\mcufinder
2022-08-15 11:13:19,037 [INFO] DbMcusDocs:112 - Set database path to: C:\Users\Mohamed\.stmcufinder\plugins\mcufinder//mcu/
2022-08-15 11:13:19,037 [WARN] DbFile:36 - Overriding database path with different value: C:\Users\Mohamed\.stmcufinder\plugins\mcufinder/ => C:\Users\Mohamed\.stmcufinder\plugins\mcufinder
2022-08-15 11:13:19,037 [INFO] DbMcusJson:63 - Set database path to: C:\Users\Mohamed\.stmcufinder\plugins\mcufinder//mcu/
2022-08-15 11:13:19,037 [WARN] DbFile:36 - Overriding database path with different value: C:\Users\Mohamed\.stmcufinder\plugins\mcufinder/ => C:\Users\Mohamed\.stmcufinder\plugins\mcufinder
2022-08-15 11:13:19,037 [INFO] DbBoardsDocs:112 - Set database path to: C:\Users\Mohamed\.stmcufinder\plugins\mcufinder//mcu/
2022-08-15 11:13:19,042 [WARN] DbFile:36 - Overriding database path with different value: C:\Users\Mohamed\.stmcufinder\plugins\mcufinder/ => C:\Users\Mohamed\.stmcufinder\plugins\mcufinder
2022-08-15 11:13:19,042 [INFO] DbBoardsJson:56 - Set database path to: C:\Users\Mohamed\.stmcufinder\plugins\mcufinder//mcu/
2022-08-15 11:13:19,042 [WARN] DbFile:36 - Overriding database path with different value: C:\Users\Mohamed\.stmcufinder\plugins\mcufinder/ => C:\Users\Mohamed\.stmcufinder\plugins\mcufinder
2022-08-15 11:13:19,042 [WARN] DbFile:36 - Overriding database path with different value: C:\Users\Mohamed\.stmcufinder\plugins\mcufinder/ => C:\Users\Mohamed\.stmcufinder\plugins\mcufinder
2022-08-15 11:13:19,042 [INFO] CrossReferenceDbSqlite:196 - Set database path to: C:\Users\Mohamed\.stmcufinder\plugins\mcufinder//mcu/cs/
2022-08-15 11:13:19,042 [WARN] DbFile:36 - Overriding database path with different value: C:\Users\Mohamed\.stmcufinder\plugins\mcufinder/ => C:\Users\Mohamed\.stmcufinder\plugins\mcufinder
2022-08-15 11:13:19,042 [INFO] DbExamplesSqlite:800 - Set database path to: C:\Users\Mohamed\.stmcufinder\plugins\mcufinder//mcu/
2022-08-15 11:13:19,175 [INFO] MainPanel:189 - HeapMemory: 295698432
2022-08-15 11:13:19,279 [INFO] DbMcusXml:70 - Set database path to: C:\ST\STM32CubeIDE_1.4.0\STM32CubeIDE\plugins\com.st.stm32cube.common.mx_6.0.0.202007160824\\db\/mcu/
2022-08-15 11:13:19,279 [INFO] DbBoardsPdsc:56 - Set plugin database path to: C:\ST\STM32CubeIDE_1.4.0\STM32CubeIDE\plugins\com.st.stm32cube.common.mx_6.0.0.202007160824\\db\/plugins/boardmanager/
2022-08-15 11:13:19,279 [INFO] DbMcus:258 - Set plugin images path to: C:\ST\STM32CubeIDE_1.4.0\STM32CubeIDE\plugins\com.st.stm32cube.common.mx_6.0.0.202007160824\\db\/plugins/mcufinder/images/
2022-08-15 11:13:19,279 [INFO] DbBoards:264 - Set plugin images path to: C:\ST\STM32CubeIDE_1.4.0\STM32CubeIDE\plugins\com.st.stm32cube.common.mx_6.0.0.202007160824\\db\/plugins/mcufinder/images/
2022-08-15 11:13:19,279 [INFO] DbExamples:326 - Set plugin images path to: C:\ST\STM32CubeIDE_1.4.0\STM32CubeIDE\plugins\com.st.stm32cube.common.mx_6.0.0.202007160824\\db\/plugins/mcufinder/images/
2022-08-15 11:13:19,284 [WARN] DbFile:36 - Overriding database path with different value: C:\Users\Mohamed\.stmcufinder\plugins\mcufinder/ => C:\Users\Mohamed\.stmcufinder\plugins\mcufinder
2022-08-15 11:13:19,284 [INFO] DbMcusDocs:112 - Set database path to: C:\Users\Mohamed\.stmcufinder\plugins\mcufinder//mcu/
2022-08-15 11:13:19,284 [WARN] DbFile:36 - Overriding database path with different value: C:\Users\Mohamed\.stmcufinder\plugins\mcufinder/ => C:\Users\Mohamed\.stmcufinder\plugins\mcufinder
2022-08-15 11:13:19,284 [INFO] DbMcusJson:63 - Set database path to: C:\Users\Mohamed\.stmcufinder\plugins\mcufinder//mcu/
2022-08-15 11:13:19,284 [WARN] DbFile:36 - Overriding database path with different value: C:\Users\Mohamed\.stmcufinder\plugins\mcufinder/ => C:\Users\Mohamed\.stmcufinder\plugins\mcufinder
2022-08-15 11:13:19,284 [INFO] DbBoardsDocs:112 - Set database path to: C:\Users\Mohamed\.stmcufinder\plugins\mcufinder//mcu/
2022-08-15 11:13:19,284 [WARN] DbFile:36 - Overriding database path with different value: C:\Users\Mohamed\.stmcufinder\plugins\mcufinder/ => C:\Users\Mohamed\.stmcufinder\plugins\mcufinder
2022-08-15 11:13:19,284 [INFO] DbBoardsJson:56 - Set database path to: C:\Users\Mohamed\.stmcufinder\plugins\mcufinder//mcu/
2022-08-15 11:13:19,284 [WARN] DbFile:36 - Overriding database path with different value: C:\Users\Mohamed\.stmcufinder\plugins\mcufinder/ => C:\Users\Mohamed\.stmcufinder\plugins\mcufinder
2022-08-15 11:13:19,284 [WARN] DbFile:36 - Overriding database path with different value: C:\Users\Mohamed\.stmcufinder\plugins\mcufinder/ => C:\Users\Mohamed\.stmcufinder\plugins\mcufinder
2022-08-15 11:13:19,289 [INFO] CrossReferenceDbSqlite:196 - Set database path to: C:\Users\Mohamed\.stmcufinder\plugins\mcufinder//mcu/cs/
2022-08-15 11:13:19,289 [WARN] DbFile:36 - Overriding database path with different value: C:\Users\Mohamed\.stmcufinder\plugins\mcufinder/ => C:\Users\Mohamed\.stmcufinder\plugins\mcufinder
2022-08-15 11:13:19,289 [INFO] DbExamplesSqlite:800 - Set database path to: C:\Users\Mohamed\.stmcufinder\plugins\mcufinder//mcu/
2022-08-15 11:13:19,314 [INFO] ApplicationProperties:181 - Using Application install path: C:\ST\STM32CubeIDE_1.4.0\STM32CubeIDE\plugins\com.st.stm32cube.common.mx_6.0.0.202007160824
2022-08-15 11:13:19,319 [INFO] PluginManage:178 - Search for loadable plugins [exclusion list=, ]
2022-08-15 11:13:19,319 [INFO] PluginManage:292 - Check plugin analytics
2022-08-15 11:13:19,670 [INFO] AnalyticsPlugin:203 - Accepted Software Licenses: 
2022-08-15 11:13:19,670 [INFO] AnalyticsPlugin:205 - Accepted CMSIS Pack Licenses: 
2022-08-15 11:13:19,670 [INFO] AnalyticsPlugin:207 - Accepted Firmware Licenses: 
2022-08-15 11:13:19,670 [INFO] PluginManage:342 - Loaded plugin analytics (category:tool,tabindex:-1)
2022-08-15 11:13:19,675 [INFO] PluginManage:292 - Check plugin clock
2022-08-15 11:13:19,700 [INFO] PluginManage:342 - Loaded plugin clock (category:base,tabindex:2)
2022-08-15 11:13:19,700 [INFO] PluginManage:292 - Check plugin ddr
2022-08-15 11:13:19,705 [INFO] PluginManage:342 - Loaded plugin ddr (category:tool,tabindex:6)
2022-08-15 11:13:19,705 [INFO] PluginManage:292 - Check plugin filemanager
2022-08-15 11:13:19,891 [INFO] PluginManage:342 - Loaded plugin filemanager (category:base,tabindex:10)
2022-08-15 11:13:19,891 [INFO] PluginManage:292 - Check plugin ipmanager
2022-08-15 11:13:19,901 [INFO] PluginManage:342 - Loaded plugin ipmanager (category:base,tabindex:5)
2022-08-15 11:13:19,901 [INFO] PluginManage:292 - Check plugin pinoutandconfiguration
2022-08-15 11:13:19,916 [INFO] PluginManage:342 - Loaded plugin pinoutandconfiguration (category:base,tabindex:1)
2022-08-15 11:13:19,916 [INFO] PluginManage:292 - Check plugin pinoutconfig
2022-08-15 11:13:19,951 [INFO] PluginManage:342 - Loaded plugin pinoutconfig (category:base,tabindex:0)
2022-08-15 11:13:19,951 [INFO] PluginManage:292 - Check plugin power
2022-08-15 11:13:19,976 [INFO] PluginManage:342 - Loaded plugin power (category:power,tabindex:4)
2022-08-15 11:13:19,981 [INFO] PluginManage:292 - Check plugin projectmanager
2022-08-15 11:13:20,016 [INFO] PluginManage:342 - Loaded plugin projectmanager (category:projectmanager,tabindex:3)
2022-08-15 11:13:20,016 [INFO] PluginManage:292 - Check plugin thirdparty
2022-08-15 11:13:20,256 [INFO] ThirdPartyDb:333 - Open Third Party DataBase File (C:/Users/Mohamed/.stm32cubemx/plugins/thirdparty/db/thirdparties_db.xml) : 100 ms. number of Sw pack : 44
2022-08-15 11:13:20,264 [INFO] PluginManage:342 - Loaded plugin thirdparty (category:base,tabindex:-1)
2022-08-15 11:13:20,266 [INFO] PluginManage:292 - Check plugin tools
2022-08-15 11:13:20,266 [INFO] PluginManage:342 - Loaded plugin tools (category:base,tabindex:7)
2022-08-15 11:13:20,271 [INFO] PluginManage:292 - Check plugin tutovideos
2022-08-15 11:13:20,750 [INFO] PluginManage:342 - Loaded plugin tutovideos (category:base,tabindex:-1)
2022-08-15 11:13:20,750 [INFO] PluginManage:292 - Check plugin updater
2022-08-15 11:13:20,785 [INFO] PluginManage:342 - Loaded plugin updater (category:base,tabindex:12)
2022-08-15 11:13:20,820 [INFO] PluginManage:265 - PluginManage : Loaded plugins [13]
2022-08-15 11:13:21,090 [INFO] PinOutPanel:1418 - setPackage(No Configuration,No Configuration)
2022-08-15 11:13:21,242 [INFO] IPUIPlugin:64 - create IPUIPlugin
2022-08-15 11:13:21,242 [INFO] PluginManager:200 - loadIPPluginJar : add adc
2022-08-15 11:13:21,247 [INFO] IPUIPlugin:64 - create IPUIPlugin
2022-08-15 11:13:21,247 [INFO] PluginManager:200 - loadIPPluginJar : add aes
2022-08-15 11:13:21,252 [INFO] IPUIPlugin:64 - create IPUIPlugin
2022-08-15 11:13:21,252 [INFO] PluginManager:200 - loadIPPluginJar : add can
2022-08-15 11:13:21,257 [INFO] IPUIPlugin:64 - create IPUIPlugin
2022-08-15 11:13:21,257 [INFO] PluginManager:200 - loadIPPluginJar : add comp
2022-08-15 11:13:21,262 [INFO] IPUIPlugin:64 - create IPUIPlugin
2022-08-15 11:13:21,262 [INFO] PluginManager:200 - loadIPPluginJar : add cryp
2022-08-15 11:13:21,267 [INFO] IPUIPlugin:64 - create IPUIPlugin
2022-08-15 11:13:21,267 [INFO] PluginManager:200 - loadIPPluginJar : add dfsdm
2022-08-15 11:13:21,277 [INFO] IPUIPlugin:64 - create IPUIPlugin
2022-08-15 11:13:21,277 [INFO] PluginManager:200 - loadIPPluginJar : add dma
2022-08-15 11:13:21,282 [INFO] IPUIPlugin:64 - create IPUIPlugin
2022-08-15 11:13:21,282 [INFO] PluginManager:200 - loadIPPluginJar : add fatfs
2022-08-15 11:13:21,292 [INFO] IPUIPlugin:64 - create IPUIPlugin
2022-08-15 11:13:21,292 [INFO] PluginManager:200 - loadIPPluginJar : add fmc
2022-08-15 11:13:21,307 [INFO] IPUIPlugin:64 - create IPUIPlugin
2022-08-15 11:13:21,307 [INFO] PluginManager:200 - loadIPPluginJar : add freertos
2022-08-15 11:13:21,317 [INFO] IPUIPlugin:64 - create IPUIPlugin
2022-08-15 11:13:21,322 [INFO] PluginManager:200 - loadIPPluginJar : add genericplugin
2022-08-15 11:13:21,322 [INFO] IPUIPlugin:64 - create IPUIPlugin
2022-08-15 11:13:21,322 [INFO] PluginManager:200 - loadIPPluginJar : add gfxmmu
2022-08-15 11:13:21,332 [INFO] IPUIPlugin:64 - create IPUIPlugin
2022-08-15 11:13:21,332 [INFO] PluginManager:200 - loadIPPluginJar : add gic
2022-08-15 11:13:21,342 [INFO] IPUIPlugin:64 - create IPUIPlugin
2022-08-15 11:13:21,342 [INFO] PluginManager:200 - loadIPPluginJar : add gpio
2022-08-15 11:13:21,342 [INFO] IPUIPlugin:64 - create IPUIPlugin
2022-08-15 11:13:21,347 [INFO] PluginManager:200 - loadIPPluginJar : add gtzc
2022-08-15 11:13:21,352 [INFO] IPUIPlugin:64 - create IPUIPlugin
2022-08-15 11:13:21,352 [INFO] PluginManager:200 - loadIPPluginJar : add hash
2022-08-15 11:13:21,357 [INFO] IPUIPlugin:64 - create IPUIPlugin
2022-08-15 11:13:21,357 [INFO] PluginManager:200 - loadIPPluginJar : add i2c
2022-08-15 11:13:21,357 [INFO] IPUIPlugin:64 - create IPUIPlugin
2022-08-15 11:13:21,357 [INFO] PluginManager:200 - loadIPPluginJar : add i2s
2022-08-15 11:13:21,362 [INFO] IPUIPlugin:64 - create IPUIPlugin
2022-08-15 11:13:21,367 [INFO] PluginManager:200 - loadIPPluginJar : add ipddr
2022-08-15 11:13:21,367 [INFO] IPUIPlugin:64 - create IPUIPlugin
2022-08-15 11:13:21,367 [INFO] PluginManager:200 - loadIPPluginJar : add ltdc
2022-08-15 11:13:21,377 [INFO] IPUIPlugin:64 - create IPUIPlugin
2022-08-15 11:13:21,377 [INFO] PluginManager:200 - loadIPPluginJar : add mdma
2022-08-15 11:13:21,382 [INFO] IPUIPlugin:64 - create IPUIPlugin
2022-08-15 11:13:21,382 [INFO] PluginManager:200 - loadIPPluginJar : add nvic
2022-08-15 11:13:21,387 [INFO] IPUIPlugin:64 - create IPUIPlugin
2022-08-15 11:13:21,387 [INFO] PluginManager:200 - loadIPPluginJar : add opamp
2022-08-15 11:13:21,392 [INFO] IPUIPlugin:64 - create IPUIPlugin
2022-08-15 11:13:21,392 [INFO] PluginManager:200 - loadIPPluginJar : add openamp
2022-08-15 11:13:21,392 [INFO] IPUIPlugin:64 - create IPUIPlugin
2022-08-15 11:13:21,392 [INFO] PluginManager:200 - loadIPPluginJar : add pdm2pcm
2022-08-15 11:13:21,402 [INFO] IPUIPlugin:64 - create IPUIPlugin
2022-08-15 11:13:21,407 [INFO] PluginManager:200 - loadIPPluginJar : add plateformsettings
2022-08-15 11:13:21,412 [INFO] IPUIPlugin:64 - create IPUIPlugin
2022-08-15 11:13:21,412 [INFO] PluginManager:200 - loadIPPluginJar : add quadspi
2022-08-15 11:13:21,417 [INFO] IPUIPlugin:64 - create IPUIPlugin
2022-08-15 11:13:21,417 [INFO] PluginManager:200 - loadIPPluginJar : add resmgrutility
2022-08-15 11:13:21,427 [INFO] IPUIPlugin:64 - create IPUIPlugin
2022-08-15 11:13:21,427 [INFO] PluginManager:200 - loadIPPluginJar : add sai
2022-08-15 11:13:21,432 [INFO] IPUIPlugin:64 - create IPUIPlugin
2022-08-15 11:13:21,432 [INFO] PluginManager:200 - loadIPPluginJar : add spi
2022-08-15 11:13:21,437 [INFO] IPUIPlugin:64 - create IPUIPlugin
2022-08-15 11:13:21,442 [INFO] PluginManager:200 - loadIPPluginJar : add stm32_wpan
2022-08-15 11:13:21,442 [INFO] IPUIPlugin:64 - create IPUIPlugin
2022-08-15 11:13:21,442 [INFO] PluginManager:200 - loadIPPluginJar : add tim
2022-08-15 11:13:21,452 [INFO] IPUIPlugin:64 - create IPUIPlugin
2022-08-15 11:13:21,452 [INFO] PluginManager:200 - loadIPPluginJar : add touchsensing
2022-08-15 11:13:21,452 [INFO] IPUIPlugin:64 - create IPUIPlugin
2022-08-15 11:13:21,457 [INFO] PluginManager:200 - loadIPPluginJar : add tracer_emb
2022-08-15 11:13:21,457 [INFO] IPUIPlugin:64 - create IPUIPlugin
2022-08-15 11:13:21,457 [INFO] PluginManager:200 - loadIPPluginJar : add ts
2022-08-15 11:13:21,462 [INFO] IPUIPlugin:64 - create IPUIPlugin
2022-08-15 11:13:21,462 [INFO] PluginManager:200 - loadIPPluginJar : add tsc
2022-08-15 11:13:21,467 [INFO] IPUIPlugin:64 - create IPUIPlugin
2022-08-15 11:13:21,467 [INFO] PluginManager:200 - loadIPPluginJar : add ucpd
2022-08-15 11:13:21,477 [INFO] IPUIPlugin:64 - create IPUIPlugin
2022-08-15 11:13:21,477 [INFO] PluginManager:200 - loadIPPluginJar : add usart
2022-08-15 11:13:22,429 [INFO] CubeProgrammer:457 - [DDR PANEL] - PathOfProgrammer: null
2022-08-15 11:13:23,609 [FATAL] Updater:282 - Updater called before beeing initialized
2022-08-15 11:13:23,884 [FATAL] Updater:282 - Updater called before beeing initialized
2022-08-15 11:13:23,884 [WARN] ThirdParty:775 - waiting for thirdparty lock release [close project]
2022-08-15 11:13:23,884 [INFO] ThirdParty:777 - entering critical section [close project]
2022-08-15 11:13:23,889 [INFO] ThirdParty:790 - exiting critical section [close project]
2022-08-15 11:13:23,889 [INFO] PinOutPanel:1418 - setPackage(No Configuration,No Configuration)
2022-08-15 11:13:23,889 [FATAL] Updater:282 - Updater called before beeing initialized
2022-08-15 11:13:23,899 [ERROR] Updater:967 - MainUpdater not yet initialized. External WinMGr cannot be set.
2022-08-15 11:13:23,904 [INFO] CubeProgrammer:457 - [DDR PANEL] - PathOfProgrammer: C:\ST\STM32CubeIDE_1.4.0\STM32CubeIDE\plugins\com.st.stm32cube.ide.mcu.externaltools.cubeprogrammer.win32_1.4.0.202007081208\tools\bin
2022-08-15 11:13:23,909 [INFO] ProgrammerExecThread:148 - [ProgrammerAPI] CubeProgrammer command construction: C:\ST\STM32CubeIDE_1.4.0\STM32CubeIDE\plugins\com.st.stm32cube.ide.mcu.externaltools.cubeprogrammer.win32_1.4.0.202007081208\tools\bin\STM32_Programmer_CLI.exe -l
2022-08-15 11:13:24,233 [INFO] MainDdrPanel:49 - [DDR PANEL] SETTER - Set cubeProgrammerPath to: C:\ST\STM32CubeIDE_1.4.0\STM32CubeIDE\plugins\com.st.stm32cube.ide.mcu.externaltools.cubeprogrammer.win32_1.4.0.202007081208\tools\bin
2022-08-15 11:13:24,268 [INFO] Updater:904 - Updater Version found : 6.0.0
2022-08-15 11:13:24,308 [INFO] ApplicationProperties:181 - Using Application install path: C:\ST\STM32CubeIDE_1.4.0\STM32CubeIDE\plugins\com.st.stm32cube.common.mx_6.0.0.202007160824
2022-08-15 11:13:24,684 [INFO] MainUpdater:2268 - connection check result : 10
2022-08-15 11:13:24,689 [INFO] MainUpdater:239 - Updater Check For Update Now.
2022-08-15 11:13:24,689 [INFO] MicroXplorer:414 - Change Database Version : DB.6.0.0
2022-08-15 11:13:24,799 [INFO] CheckServerUpdateThread:102 - End of CheckServer Thread
2022-08-15 11:13:24,804 [INFO] MainUpdater:2268 - connection check result : 10
2022-08-15 11:13:25,220 [INFO] McuFinderGlobals:40 - Set McuFinder mode to 2 (CubeIDE integrated)
2022-08-15 11:13:25,529 [INFO] CrossSelectorPresenter:1330 - Cross Selector saved comparison directory: C:\Users\Mohamed\.stmcufinder\plugins\mcufinder\mcu\cs_comparisons_mx
2022-08-15 11:13:25,539 [INFO] MultiScanPanel:193 - Auto-refresh data requested => check proxy status ongoing
2022-08-15 11:13:25,544 [INFO] FinderPluginLoader:87 - Searching for filters in installed packs
2022-08-15 11:13:25,549 [INFO] DbMcusXml:100 - Load MCU database from C:\ST\STM32CubeIDE_1.4.0\STM32CubeIDE\plugins\com.st.stm32cube.common.mx_6.0.0.202007160824\\db\/mcu/families.xml
2022-08-15 11:13:26,373 [WARN] IntegrityCheckThread:61 - waiting for thirdparty lock release [integrity check]
2022-08-15 11:13:26,378 [INFO] IntegrityCheckThread:63 - entering critical section [integrity check]
2022-08-15 11:13:27,265 [INFO] ThirdPartyDb:299 - Save Third Party DataBase File (C:/Users/Mohamed/.stm32cubemx/plugins/thirdparty/db/thirdparties_db.xml) [forced]
2022-08-15 11:13:27,607 [INFO] ThirdPartyDb:299 - Save Third Party DataBase File (C:/Users/Mohamed/.stm32cubemx/plugins/thirdparty/db/thirdparties_db.xml) [forced]
2022-08-15 11:13:27,697 [INFO] DbMcusJson:92 - JSON generation date=Tue Nov 16 18:17:54 EET 2021 (1637079474)
2022-08-15 11:13:27,742 [INFO] IntegrityCheckThread:76 - exiting critical section [integrity check]
2022-08-15 11:13:27,745 [INFO] IntegrityCheckThread:79 - End integrity checks thread
2022-08-15 11:13:29,807 [INFO] DbMcus:175 - Found 1761 MCUs (1722 are supported by CubeMX, 1911 are visible in CubeMX)
2022-08-15 11:13:29,812 [INFO] ApiDb:201 - Load user favorites file C:\Users\Mohamed/.stm32cubeide/favorites.mcus.txt: 0 item(s)
2022-08-15 11:13:29,812 [INFO] ApiDb:205 - User favorites MCUs=[]
2022-08-15 11:13:29,812 [INFO] DbMcus:187 - Set 0 / 0 favorites MCUs
2022-08-15 11:13:31,180 [INFO] LoadUrlFilesThread:162 - End of LoadServerUrlFiles without Thread
2022-08-15 11:13:31,192 [INFO] DetailPanel:331 - Set advertising image to C:/Users/Mohamed/STM32Cube/Repository/\stm32cubemx-promo_image.jpg
2022-08-15 11:13:31,899 [INFO] McuFilterPanel:245 - Update 0 favorites MCUs
2022-08-15 11:13:32,042 [INFO] DbBoardsPdsc:94 - Found 23 items
2022-08-15 11:13:32,047 [INFO] DbBoardsPdsc:94 - Found 9 items
2022-08-15 11:13:32,052 [INFO] DbBoardsPdsc:94 - Found 29 items
2022-08-15 11:13:32,057 [INFO] DbBoardsPdsc:94 - Found 1 items
2022-08-15 11:13:32,067 [INFO] DbBoardsPdsc:94 - Found 44 items
2022-08-15 11:13:32,082 [INFO] DbBoardsPdsc:94 - Found 40 items
2022-08-15 11:13:32,082 [INFO] DbBoardsPdsc:94 - Found 2 items
2022-08-15 11:13:32,087 [INFO] DbBoardsPdsc:94 - Found 4 items
2022-08-15 11:13:32,102 [WARN] DbBoardsPdsc:258 - Board STM32H7B3I-DK: unknown feature type=Audio, name=, username=Audio stereo codec with Headphone Amp (CS42L51-CNZ), n=1
2022-08-15 11:13:32,102 [WARN] DbBoardsPdsc:258 - Board STM32H735G-DK: unknown feature type=Audio, name=, username=Audio stereo codec with Headphone Amp (WM8994ECS/R), n=1
2022-08-15 11:13:32,105 [WARN] DbBoardsPdsc:258 - Board STM32H7B3I-EVAL: unknown feature type=Audio, name=, username=Multi-Channel Audio Codec (CS42L51-CNZ), n=1
2022-08-15 11:13:32,105 [WARN] DbBoardsPdsc:258 - Board STM32H7B3I-EVAL: unknown feature type=Meter, name=, username=Power-metering and Temperature-monitoring with sigma-delta modulators, n=1
2022-08-15 11:13:32,105 [WARN] DbBoardsPdsc:258 - Board STM32H7B3I-EVAL: unknown feature type=Motor, name=, username=Motor Control, n=1
2022-08-15 11:13:32,182 [INFO] DbBoardsJson:85 - JSON generation date=Tue Nov 16 18:17:54 EET 2021 (1637079474)
2022-08-15 11:13:32,292 [INFO] DbBoards:117 - Found 166 boards (149 are supported by CubeMX)
2022-08-15 11:13:32,302 [INFO] DbBoardsDocs:145 - JSON generation date=Tue Nov 16 18:17:54 EET 2021 (1637079474)
2022-08-15 11:13:32,312 [INFO] DbBoardsDocs:81 - Found 209 boards documents
2022-08-15 11:13:32,312 [WARN] DbBoards:127 - board B-L475E-IOT01A2 has no document id list !
2022-08-15 11:13:32,317 [WARN] DbBoards:127 - board NUCLEO-H743ZI has no document id list !
2022-08-15 11:13:32,317 [WARN] DbBoards:127 - board P-NUCLEO-WB55-Nucleo has no document id list !
2022-08-15 11:13:32,317 [WARN] DbBoards:127 - board P-NUCLEO-WB55-USBDongle has no document id list !
2022-08-15 11:13:32,322 [WARN] DbBoards:127 - board STEVAL-BFA001V1B has no document id list !
2022-08-15 11:13:32,322 [WARN] DbBoards:127 - board STEVAL-BFA001V2B has no document id list !
2022-08-15 11:13:32,322 [WARN] DbBoards:127 - board STEVAL-IDP005V1 has no document id list !
2022-08-15 11:13:32,322 [WARN] DbBoards:127 - board STEVAL-IDP005V2 has no document id list !
2022-08-15 11:13:32,322 [WARN] DbBoards:127 - board STEVAL-MKSBOX1V1 has no document id list !
2022-08-15 11:13:32,322 [WARN] DbBoards:127 - board STEVAL-STWINKT1 has no document id list !
2022-08-15 11:13:32,322 [WARN] DbBoards:127 - board STEVAL-STWINKT1B has no document id list !
2022-08-15 11:13:32,322 [WARN] DbBoards:127 - board STM32439I-EVAL2 has no document id list !
2022-08-15 11:13:32,322 [WARN] DbBoards:127 - board STM32F401C-DISCO has no document id list !
2022-08-15 11:13:32,322 [WARN] DbBoards:127 - board STM32F769I-DISC1 has no document id list !
2022-08-15 11:13:32,322 [WARN] DbBoards:127 - board STM32G474E-EVAL1 has no document id list !
2022-08-15 11:13:32,327 [WARN] DbBoards:127 - board STM32H743I-EVAL2 has no document id list !
2022-08-15 11:13:32,327 [WARN] DbBoards:127 - board STM32H747I-DISC1 has no document id list !
2022-08-15 11:13:32,327 [WARN] DbBoards:127 - board STM32H753I-EVAL2 has no document id list !
2022-08-15 11:13:32,327 [WARN] DbBoards:127 - board STM32L-DISCOVERY has no document id list !
2022-08-15 11:13:32,530 [ERROR] DbBoards:189 - Image file not found for board B-L462E-CELL1: C:\ST\STM32CubeIDE_1.4.0\STM32CubeIDE\plugins\com.st.stm32cube.common.mx_6.0.0.202007160824\\db\/plugins/mcufinder/images/boards/B-L462E-CELL1_small.jpg
2022-08-15 11:13:32,692 [ERROR] DbBoards:189 - Image file not found for board B-U585I-IOT02A: C:\ST\STM32CubeIDE_1.4.0\STM32CubeIDE\plugins\com.st.stm32cube.common.mx_6.0.0.202007160824\\db\/plugins/mcufinder/images/boards/B-U585I-IOT02A_small.jpg
2022-08-15 11:13:32,865 [ERROR] DbBoards:189 - Image file not found for board NUCLEO-F413ZH: C:\ST\STM32CubeIDE_1.4.0\STM32CubeIDE\plugins\com.st.stm32cube.common.mx_6.0.0.202007160824\\db\/plugins/mcufinder/images/boards/nucleo-f413zh_small.jpg
2022-08-15 11:13:33,114 [ERROR] DbBoards:189 - Image file not found for board NUCLEO-L552ZE-Q: C:\ST\STM32CubeIDE_1.4.0\STM32CubeIDE\plugins\com.st.stm32cube.common.mx_6.0.0.202007160824\\db\/plugins/mcufinder/images/boards/nucleo_l552ze_q_small.jpg
2022-08-15 11:13:33,114 [ERROR] DbBoards:189 - Image file not found for board NUCLEO-U575ZI-Q: C:\ST\STM32CubeIDE_1.4.0\STM32CubeIDE\plugins\com.st.stm32cube.common.mx_6.0.0.202007160824\\db\/plugins/mcufinder/images/boards/nucleo-u575zi-q_small.jpg
2022-08-15 11:13:33,114 [ERROR] DbBoards:189 - Image file not found for board NUCLEO-WB15CC: C:\ST\STM32CubeIDE_1.4.0\STM32CubeIDE\plugins\com.st.stm32cube.common.mx_6.0.0.202007160824\\db\/plugins/mcufinder/images/boards/nucleo-wb15cc_small.jpg
2022-08-15 11:13:33,114 [ERROR] DbBoards:189 - Image file not found for board NUCLEO-WB55RG: C:\ST\STM32CubeIDE_1.4.0\STM32CubeIDE\plugins\com.st.stm32cube.common.mx_6.0.0.202007160824\\db\/plugins/mcufinder/images/boards/nucleo-wb55rg_small.jpg
2022-08-15 11:13:33,114 [ERROR] DbBoards:189 - Image file not found for board NUCLEO-WL55JC: C:\ST\STM32CubeIDE_1.4.0\STM32CubeIDE\plugins\com.st.stm32cube.common.mx_6.0.0.202007160824\\db\/plugins/mcufinder/images/boards/nucleo-wl55jc-small.jpg
2022-08-15 11:13:33,674 [ERROR] DbBoards:189 - Image file not found for board STEVAL-STWINKT1B: C:\ST\STM32CubeIDE_1.4.0\STM32CubeIDE\plugins\com.st.stm32cube.common.mx_6.0.0.202007160824\\db\/plugins/mcufinder/images/boards/steval-stwinkt1b_small.jpg
2022-08-15 11:13:34,383 [ERROR] DbBoards:189 - Image file not found for board STM32G0C1E-EV: C:\ST\STM32CubeIDE_1.4.0\STM32CubeIDE\plugins\com.st.stm32cube.common.mx_6.0.0.202007160824\\db\/plugins/mcufinder/images/boards/stm32g0c1e-eval_small.jpg
2022-08-15 11:13:34,543 [ERROR] DbBoards:189 - Image file not found for board STM32H7B3I-EVAL: C:\ST\STM32CubeIDE_1.4.0\STM32CubeIDE\plugins\com.st.stm32cube.common.mx_6.0.0.202007160824\\db\/plugins/mcufinder/images/boards/stm32h7b3ieval_small.jpg
2022-08-15 11:13:35,068 [ERROR] DbBoards:189 - Image file not found for board STM32U575I-EV: C:\ST\STM32CubeIDE_1.4.0\STM32CubeIDE\plugins\com.st.stm32cube.common.mx_6.0.0.202007160824\\db\/plugins/mcufinder/images/boards/stm32u575i-ev_small.jpg
2022-08-15 11:13:35,123 [ERROR] DbBoards:189 - Image file not found for board STM32WB5MM-DK: C:\ST\STM32CubeIDE_1.4.0\STM32CubeIDE\plugins\com.st.stm32cube.common.mx_6.0.0.202007160824\\db\/plugins/mcufinder/images/boards/STM32WB5MM-DK_small.jpg
2022-08-15 11:13:35,128 [INFO] ApiDb:201 - Load user favorites file C:\Users\Mohamed/.stm32cubeide/favorites.boards.txt: 0 item(s)
2022-08-15 11:13:35,128 [INFO] ApiDb:205 - User favorites Boards=[]
2022-08-15 11:13:35,128 [INFO] DbBoards:206 - Set 0 / 0 favorites Boards
2022-08-15 11:13:58,369 [INFO] RetryExec:97 - I/O exception (org.apache.http.NoHttpResponseException) caught when processing request to {s}->https://download.eclipse.org:443: The target server failed to respond
2022-08-15 11:13:58,374 [INFO] RetryExec:113 - Retrying request to {s}->https://download.eclipse.org:443
2022-08-15 11:13:59,236 [INFO] RetryExec:97 - I/O exception (org.apache.http.NoHttpResponseException) caught when processing request to {s}->https://archive.eclipse.org:443: The target server failed to respond
2022-08-15 11:13:59,241 [INFO] RetryExec:113 - Retrying request to {s}->https://archive.eclipse.org:443
2022-08-15 11:14:00,293 [INFO] RetryExec:97 - I/O exception (org.apache.http.NoHttpResponseException) caught when processing request to {s}->https://download.eclipse.org:443: The target server failed to respond
2022-08-15 11:14:00,293 [INFO] RetryExec:113 - Retrying request to {s}->https://download.eclipse.org:443
2022-08-15 11:14:04,586 [INFO] DbMcusDocs:145 - JSON generation date=Tue Nov 16 18:17:54 EET 2021 (1637079474)
2022-08-15 11:14:05,619 [INFO] DbMcusDocs:81 - Found 682 MCUs documents
2022-08-15 11:14:22,797 [INFO] LogOutputStream:76 - [STDOUT_REDIRECT] withoutVersionV1.8.4
2022-08-15 11:14:22,797 [INFO] LogOutputStream:76 - [STDOUT_REDIRECT] withoutVersionV1.8.3
2022-08-15 11:14:22,797 [INFO] LogOutputStream:76 - [STDOUT_REDIRECT] withoutVersionV1.8.2
2022-08-15 11:14:22,797 [INFO] LogOutputStream:76 - [STDOUT_REDIRECT] withoutVersionV1.8.1
2022-08-15 11:14:22,797 [INFO] LogOutputStream:76 - [STDOUT_REDIRECT] withoutVersionV1.8.0
2022-08-15 11:14:33,047 [INFO] ApiDb:226 - Save user favorites file C:\Users\Mohamed/.stm32cubeide/favorites.mcus.txt: 0 item(s)
2022-08-15 11:14:33,047 [INFO] ApiDb:230 - User favorites MCUs=[]
